This is pdfTeX, Version 3.141592653-2.6-1.40.22 (MiKTeX 21.6.28) (preloaded format=latex 2021.7.3)  5 JUL 2021 03:42
entering extended mode
**./slides.tex
(slides.tex
LaTeX2e <2021-06-01> patch level 1
L3 programming layer <2021-06-18>
(C:\Users\Charles Cao\AppData\Local\Programs\MiKTeX\tex/latex/powerdot\powerdot
.cls
Document Class: powerdot 2021/05/19 v1.7 powerdot presentation class (HA)
\c@note=\count182
\c@slide=\count183
\c@pd@pause=\count184
\c@pd@section=\count185
\c@pd@overlay=\count186
\c@pd@trivlist=\count187
\c@pd@onslidedepth=\count188
\pd@tba=\box50
\pd@tbb=\box51
\pd@body=\toks16
\pd@bmout=\write3
\pd@tocout=\write4
\pd@vrbout=\write5
\pd@frsep=\skip47
\pd@colsep=\skip48
\slidewidth=\skip49
\slideheight=\skip50

(C:\Users\Charles Cao\AppData\Local\Programs\MiKTeX\tex/latex/xkeyval\xkeyval.s
ty
Package: xkeyval 2020/11/20 v2.8 package option processing (HA)

(C:\Users\Charles Cao\AppData\Local\Programs\MiKTeX\tex/generic/xkeyval\xkeyval
.tex
(C:\Users\Charles Cao\AppData\Local\Programs\MiKTeX\tex/generic/xkeyval\xkvutil
s.tex
\XKV@toks=\toks17
\XKV@tempa@toks=\toks18

(C:\Users\Charles Cao\AppData\Local\Programs\MiKTeX\tex/generic/xkeyval\keyval.
tex))
\XKV@depth=\count189
File: xkeyval.tex 2014/12/03 v2.7a key=value parser (HA)
))
(C:\Users\Charles Cao\AppData\Local\Programs\MiKTeX\tex/latex/base\fleqn.clo
File: fleqn.clo 2016/12/29 v1.2b Standard LaTeX option (flush left equations)
\mathindent=\skip51
Applying: [2015/01/01] Make \[ robust on input line 50.
LaTeX Info: Redefining \[ on input line 51.
Already applied: [0000/00/00] Make \[ robust on input line 62.
Applying: [2015/01/01] Make \] robust on input line 74.
LaTeX Info: Redefining \] on input line 75.
Already applied: [0000/00/00] Make \] robust on input line 83.
)
(C:\Users\Charles Cao\AppData\Local\Programs\MiKTeX\tex/latex/base\leqno.clo
File: leqno.clo 2016/12/29 v1.2b Standard LaTeX option (left equation numbers)
)
(C:\Users\Charles Cao\AppData\Local\Programs\MiKTeX\tex/latex/base\article.cls
Document Class: article 2021/02/12 v1.4n Standard LaTeX document class
(C:\Users\Charles Cao\AppData\Local\Programs\MiKTeX\tex/latex/base\size10.clo
File: size10.clo 2021/02/12 v1.4n Standard LaTeX file (size option)
)
\c@part=\count190
\c@section=\count191
\c@subsection=\count192
\c@subsubsection=\count193
\c@paragraph=\count194
\c@subparagraph=\count195
\c@figure=\count196
\c@table=\count197
\abovecaptionskip=\skip52
\belowcaptionskip=\skip53
\bibindent=\dimen138
)
(C:\Users\Charles Cao\AppData\Local\Programs\MiKTeX\tex/latex/extsizes\size14.c
lo
File: size14.clo 1999/11/11 v1.4a NON-Standard LaTeX file (size option)
)
(C:\Users\Charles Cao\AppData\Local\Programs\MiKTeX\tex/latex/geometry\geometry
.sty
Package: geometry 2020/01/02 v5.9 Page Geometry

(C:\Users\Charles Cao\AppData\Local\Programs\MiKTeX\tex/generic/iftex\ifvtex.st
y
Package: ifvtex 2019/10/25 v1.7 ifvtex legacy package. Use iftex instead.

(C:\Users\Charles Cao\AppData\Local\Programs\MiKTeX\tex/generic/iftex\iftex.sty
Package: iftex 2020/03/06 v1.0d TeX engine tests
))
\Gm@cnth=\count198
\Gm@cntv=\count199
\c@Gm@tempcnt=\count266
\Gm@bindingoffset=\dimen139
\Gm@wd@mp=\dimen140
\Gm@odd@mp=\dimen141
\Gm@even@mp=\dimen142
\Gm@layoutwidth=\dimen143
\Gm@layoutheight=\dimen144
\Gm@layouthoffset=\dimen145
\Gm@layoutvoffset=\dimen146
\Gm@dimlist=\toks19

(C:\Users\Charles Cao\AppData\Local\Programs\MiKTeX\tex/latex/geometry\geometry
.cfg))
(C:\Users\Charles Cao\AppData\Local\Programs\MiKTeX\tex/generic/iftex\ifxetex.s
ty
Package: ifxetex 2019/10/25 v0.7 ifxetex legacy package. Use iftex instead.
)
(C:\Users\Charles Cao\AppData\Local\Programs\MiKTeX\tex/latex/hyperref\hyperref
.sty
Package: hyperref 2021-06-07 v7.00m Hypertext links for LaTeX

(C:\Users\Charles Cao\AppData\Local\Programs\MiKTeX\tex/generic/ltxcmds\ltxcmds
.sty
Package: ltxcmds 2020-05-10 v1.25 LaTeX kernel commands for general use (HO)
)
(C:\Users\Charles Cao\AppData\Local\Programs\MiKTeX\tex/generic/pdftexcmds\pdft
excmds.sty
Package: pdftexcmds 2020-06-27 v0.33 Utility functions of pdfTeX for LuaTeX (HO
)

(C:\Users\Charles Cao\AppData\Local\Programs\MiKTeX\tex/generic/infwarerr\infwa
rerr.sty
Package: infwarerr 2019/12/03 v1.5 Providing info/warning/error messages (HO)
)
Package pdftexcmds Info: \pdf@primitive is available.
Package pdftexcmds Info: \pdf@ifprimitive is available.
Package pdftexcmds Info: \pdfdraftmode is ignored in DVI mode.
)
(C:\Users\Charles Cao\AppData\Local\Programs\MiKTeX\tex/generic/kvsetkeys\kvset
keys.sty
Package: kvsetkeys 2019/12/15 v1.18 Key value parser (HO)
)
(C:\Users\Charles Cao\AppData\Local\Programs\MiKTeX\tex/generic/kvdefinekeys\kv
definekeys.sty
Package: kvdefinekeys 2019-12-19 v1.6 Define keys (HO)
)
(C:\Users\Charles Cao\AppData\Local\Programs\MiKTeX\tex/generic/pdfescape\pdfes
cape.sty
Package: pdfescape 2019/12/09 v1.15 Implements pdfTeX's escape features (HO)
)
(C:\Users\Charles Cao\AppData\Local\Programs\MiKTeX\tex/latex/hycolor\hycolor.s
ty
Package: hycolor 2020-01-27 v1.10 Color options for hyperref/bookmark (HO)
)
(C:\Users\Charles Cao\AppData\Local\Programs\MiKTeX\tex/latex/letltxmacro\letlt
xmacro.sty
Package: letltxmacro 2019/12/03 v1.6 Let assignment for LaTeX macros (HO)
)
(C:\Users\Charles Cao\AppData\Local\Programs\MiKTeX\tex/latex/auxhook\auxhook.s
ty
Package: auxhook 2019-12-17 v1.6 Hooks for auxiliary files (HO)
)
(C:\Users\Charles Cao\AppData\Local\Programs\MiKTeX\tex/latex/kvoptions\kvoptio
ns.sty
Package: kvoptions 2020-10-07 v3.14 Key value format for package options (HO)
)
\@linkdim=\dimen147
\Hy@linkcounter=\count267
\Hy@pagecounter=\count268

(C:\Users\Charles Cao\AppData\Local\Programs\MiKTeX\tex/latex/hyperref\pd1enc.d
ef
File: pd1enc.def 2021-06-07 v7.00m Hyperref: PDFDocEncoding definition (HO)
Now handling font encoding PD1 ...
... no UTF-8 mapping file for font encoding PD1
)
(C:\Users\Charles Cao\AppData\Local\Programs\MiKTeX\tex/latex/hyperref\hyperref
-langpatches.def
File: hyperref-langpatches.def 2021-06-07 v7.00m Hyperref: patches for babel la
nguages
)
(C:\Users\Charles Cao\AppData\Local\Programs\MiKTeX\tex/generic/intcalc\intcalc
.sty
Package: intcalc 2019/12/15 v1.3 Expandable calculations with integers (HO)
)
(C:\Users\Charles Cao\AppData\Local\Programs\MiKTeX\tex/generic/etexcmds\etexcm
ds.sty
Package: etexcmds 2019/12/15 v1.7 Avoid name clashes with e-TeX commands (HO)
)
\Hy@SavedSpaceFactor=\count269

(C:\Users\Charles Cao\AppData\Local\Programs\MiKTeX\tex/latex/hyperref\puenc.de
f
File: puenc.def 2021-06-07 v7.00m Hyperref: PDF Unicode definition (HO)
Now handling font encoding PU ...
... no UTF-8 mapping file for font encoding PU
)
Package hyperref Info: Option `setpagesize' set `false' on input line 4073.
Package hyperref Info: Option `pageanchor' set `false' on input line 4073.
Package hyperref Info: Option `bookmarks' set `false' on input line 4073.
Package hyperref Info: Hyper figures OFF on input line 4192.
Package hyperref Info: Link nesting OFF on input line 4197.
Package hyperref Info: Hyper index ON on input line 4200.
Package hyperref Info: Plain pages OFF on input line 4207.
Package hyperref Info: Backreferencing OFF on input line 4212.
Package hyperref Info: Implicit mode ON; LaTeX internals redefined.
Package hyperref Info: Bookmarks OFF on input line 4451.
\c@Hy@tempcnt=\count270
 (C:\Users\Charles Cao\AppData\Local\Programs\MiKTeX\tex/latex/url\url.sty
\Urlmuskip=\muskip16
Package: url 2013/09/16  ver 3.4  Verb mode for urls, etc.
)
LaTeX Info: Redefining \url on input line 4804.
\XeTeXLinkMargin=\dimen148

(C:\Users\Charles Cao\AppData\Local\Programs\MiKTeX\tex/generic/bitset\bitset.s
ty
Package: bitset 2019/12/09 v1.3 Handle bit-vector datatype (HO)

(C:\Users\Charles Cao\AppData\Local\Programs\MiKTeX\tex/generic/bigintcalc\bigi
ntcalc.sty
Package: bigintcalc 2019/12/15 v1.5 Expandable calculations on big integers (HO
)
))
\Fld@menulength=\count271
\Field@Width=\dimen149
\Fld@charsize=\dimen150
Package hyperref Info: Hyper figures OFF on input line 6076.
Package hyperref Info: Link nesting OFF on input line 6081.
Package hyperref Info: Hyper index ON on input line 6084.
Package hyperref Info: backreferencing OFF on input line 6091.
Package hyperref Info: Link coloring OFF on input line 6096.
Package hyperref Info: Link coloring with OCG OFF on input line 6101.
Package hyperref Info: PDF/A mode OFF on input line 6106.
LaTeX Info: Redefining \ref on input line 6146.
LaTeX Info: Redefining \pageref on input line 6150.

(C:\Users\Charles Cao\AppData\Local\Programs\MiKTeX\tex/latex/base\atbegshi-ltx
.sty
Package: atbegshi-ltx 2021/01/10 v1.0c Emulation of the original atbegshi
package with kernel methods
)
\Hy@abspage=\count272
\c@Item=\count273
\c@Hfootnote=\count274
)
Package hyperref Info: Driver: hdvips.

(C:\Users\Charles Cao\AppData\Local\Programs\MiKTeX\tex/latex/hyperref\hdvips.d
ef
File: hdvips.def 2021-06-07 v7.00m Hyperref driver for dvips

(C:\Users\Charles Cao\AppData\Local\Programs\MiKTeX\tex/latex/hyperref\pdfmark.
def
File: pdfmark.def 2021-06-07 v7.00m Hyperref definitions for pdfmark specials
\pdf@docset=\toks20
\pdf@box=\box52
\pdf@toks=\toks21
\pdf@defaulttoks=\toks22
\HyField@AnnotCount=\count275
\Fld@listcount=\count276
\c@bookmark@seq@number=\count277

(C:\Users\Charles Cao\AppData\Local\Programs\MiKTeX\tex/latex/rerunfilecheck\re
runfilecheck.sty
Package: rerunfilecheck 2019/12/05 v1.9 Rerun checks for auxiliary files (HO)

(C:\Users\Charles Cao\AppData\Local\Programs\MiKTeX\tex/latex/base\atveryend-lt
x.sty
Package: atveryend-ltx 2020/08/19 v1.0a Emulation of the original atvery packag
e
with kernel methods
)
(C:\Users\Charles Cao\AppData\Local\Programs\MiKTeX\tex/generic/uniquecounter\u
niquecounter.sty
Package: uniquecounter 2019/12/15 v1.4 Provide unlimited unique counter (HO)
)
Package uniquecounter Info: New unique counter `rerunfilecheck' on input line 2
86.
)
\Hy@SectionHShift=\skip54
))
(C:\Users\Charles Cao\AppData\Local\Programs\MiKTeX\tex/latex/graphics\graphicx
.sty
Package: graphicx 2020/12/05 v1.2c Enhanced LaTeX Graphics (DPC,SPQR)

(C:\Users\Charles Cao\AppData\Local\Programs\MiKTeX\tex/latex/graphics\graphics
.sty
Package: graphics 2021/03/04 v1.4d Standard LaTeX Graphics (DPC,SPQR)

(C:\Users\Charles Cao\AppData\Local\Programs\MiKTeX\tex/latex/graphics\trig.sty
Package: trig 2016/01/03 v1.10 sin cos tan (DPC)
)
(C:\Users\Charles Cao\AppData\Local\Programs\MiKTeX\tex/latex/graphics-cfg\grap
hics.cfg
File: graphics.cfg 2016/06/04 v1.11 sample graphics configuration
)
Package graphics Info: Driver file: dvips.def on input line 107.

(C:\Users\Charles Cao\AppData\Local\Programs\MiKTeX\tex/latex/graphics-def\dvip
s.def
File: dvips.def 2017/06/20 v3.1d Graphics/color driver for dvips
))
\Gin@req@height=\dimen151
\Gin@req@width=\dimen152
)
(C:\Users\Charles Cao\AppData\Local\Programs\MiKTeX\tex/latex/pstricks\pstricks
.sty
Package: pstricks 2020/06/11 v0.70 LaTeX wrapper for `PSTricks' (RN,HV)

(C:\Users\Charles Cao\AppData\Local\Programs\MiKTeX\tex/latex/xcolor\xcolor.sty
Package: xcolor 2016/05/11 v2.12 LaTeX color extensions (UK)

(C:\Users\Charles Cao\AppData\Local\Programs\MiKTeX\tex/latex/graphics-cfg\colo
r.cfg
File: color.cfg 2016/01/02 v1.6 sample color configuration
)
Package xcolor Info: Driver file: dvips.def on input line 225.
Package xcolor Info: Model `cmy' substituted by `cmy0' on input line 1348.
Package xcolor Info: Model `RGB' extended on input line 1364.
Package xcolor Info: Model `HTML' substituted by `rgb' on input line 1366.
Package xcolor Info: Model `Hsb' substituted by `hsb' on input line 1367.
Package xcolor Info: Model `tHsb' substituted by `hsb' on input line 1368.
Package xcolor Info: Model `HSB' substituted by `hsb' on input line 1369.
Package xcolor Info: Model `Gray' substituted by `gray' on input line 1370.
Package xcolor Info: Model `wave' substituted by `hsb' on input line 1371.
)
(C:\Users\Charles Cao\AppData\Local\Programs\MiKTeX\tex/generic/xkeyval\pst-xke
y.tex
File: pst-xkey.tex 2005/11/25 v1.6 PSTricks specialization of xkeyval (HA)
)
(C:\Users\Charles Cao\AppData\Local\Programs\MiKTeX\tex/generic/pstricks\pstric
ks.tex
(C:\Users\Charles Cao\AppData\Local\Programs\MiKTeX\tex/generic/pstricks\pst-fp
.tex `pst-fp' v0.06, 2020/11/20 (hv)
\pstFP@xs=\count278
\pstFP@xia=\count279
\pstFP@xib=\count280
\pstFP@xfa=\count281
\pstFP@xfb=\count282
\pstFP@rega=\count283
\pstFP@regb=\count284
\pstFP@regs=\count285
\pstFP@times=\count286
)
(C:\Users\Charles Cao\AppData\Local\Programs\MiKTeX\tex/generic/pgf/utilities\p
gfutil-common.tex
\pgfutil@everybye=\toks23
\pgfutil@tempdima=\dimen153
\pgfutil@tempdimb=\dimen154

(C:\Users\Charles Cao\AppData\Local\Programs\MiKTeX\tex/generic/pgf/utilities\p
gfutil-common-lists.tex))
(C:\Users\Charles Cao\AppData\Local\Programs\MiKTeX\tex/generic/pgf/utilities\p
gfkeys.code.tex
\pgfkeys@pathtoks=\toks24
\pgfkeys@temptoks=\toks25

(C:\Users\Charles Cao\AppData\Local\Programs\MiKTeX\tex/generic/pgf/utilities\p
gfkeysfiltered.code.tex
\pgfkeys@tmptoks=\toks26
))
(C:\Users\Charles Cao\AppData\Local\Programs\MiKTeX\tex/generic/pgf/utilities\p
gffor.code.tex
Loading pgffor.code.tex

(C:\Users\Charles Cao\AppData\Local\Programs\MiKTeX\tex/generic/pgf/math\pgfmat
h.code.tex
(C:\Users\Charles Cao\AppData\Local\Programs\MiKTeX\tex/generic/pgf/math\pgfmat
hcalc.code.tex
(C:\Users\Charles Cao\AppData\Local\Programs\MiKTeX\tex/generic/pgf/math\pgfmat
hutil.code.tex
\pgf@x=\dimen155
\pgf@xa=\dimen156
\pgf@xb=\dimen157
\pgf@xc=\dimen158
\pgf@y=\dimen159
\pgf@ya=\dimen160
\pgf@yb=\dimen161
\pgf@yc=\dimen162
\c@pgf@counta=\count287
\c@pgf@countb=\count288
\c@pgf@countc=\count289
\c@pgf@countd=\count290
\pgfutil@tempcnta=\count291
\pgfutil@tempcntb=\count292
)
(C:\Users\Charles Cao\AppData\Local\Programs\MiKTeX\tex/generic/pgf/math\pgfmat
hparser.code.tex
\pgfmath@dimen=\dimen163
\pgfmath@count=\count293
\pgfmath@box=\box53
\pgfmath@toks=\toks27
\pgfmath@stack@operand=\toks28
\pgfmath@stack@operation=\toks29
)
(C:\Users\Charles Cao\AppData\Local\Programs\MiKTeX\tex/generic/pgf/math\pgfmat
hfunctions.code.tex
(C:\Users\Charles Cao\AppData\Local\Programs\MiKTeX\tex/generic/pgf/math\pgfmat
hfunctions.basic.code.tex)
(C:\Users\Charles Cao\AppData\Local\Programs\MiKTeX\tex/generic/pgf/math\pgfmat
hfunctions.trigonometric.code.tex)
(C:\Users\Charles Cao\AppData\Local\Programs\MiKTeX\tex/generic/pgf/math\pgfmat
hfunctions.random.code.tex)
(C:\Users\Charles Cao\AppData\Local\Programs\MiKTeX\tex/generic/pgf/math\pgfmat
hfunctions.comparison.code.tex)
(C:\Users\Charles Cao\AppData\Local\Programs\MiKTeX\tex/generic/pgf/math\pgfmat
hfunctions.base.code.tex)
(C:\Users\Charles Cao\AppData\Local\Programs\MiKTeX\tex/generic/pgf/math\pgfmat
hfunctions.round.code.tex)
(C:\Users\Charles Cao\AppData\Local\Programs\MiKTeX\tex/generic/pgf/math\pgfmat
hfunctions.misc.code.tex)
(C:\Users\Charles Cao\AppData\Local\Programs\MiKTeX\tex/generic/pgf/math\pgfmat
hfunctions.integerarithmetics.code.tex)))
(C:\Users\Charles Cao\AppData\Local\Programs\MiKTeX\tex/generic/pgf/math\pgfmat
hfloat.code.tex
\c@pgfmathroundto@lastzeros=\count294
))
\pgffor@iter=\dimen164
\pgffor@skip=\dimen165
\pgffor@stack=\toks30
\pgffor@toks=\toks31
)
\psLoopIndex=\count295

`PSTricks' v3.02  <2021/05/31> (tvz,hv)
\pst@dima=\dimen166
\pst@dimb=\dimen167
\pst@dimc=\dimen168
\pst@dimd=\dimen169
\pst@dimg=\dimen170
\pst@dimh=\dimen171
\pst@dimm=\dimen172
\pst@dimn=\dimen173
\pst@dimo=\dimen174
\pst@dimp=\dimen175
\pst@hbox=\box54
\pst@ibox=\box55
\pst@boxg=\box56
\pst@cnta=\count296
\pst@cntb=\count297
\pst@cntc=\count298
\pst@cntd=\count299
\pst@cntg=\count300
\pst@cnth=\count301
\pst@cntm=\count302
\pst@cntn=\count303
\pst@cnto=\count304
\pst@cntp=\count305
\@zero=\count306
\pst@toks=\toks32

(C:\Users\Charles Cao\AppData\Local\Programs\MiKTeX\tex/generic/pstricks\pstric
ks.con)
\psunit=\dimen176
\psxunit=\dimen177
\psyunit=\dimen178
\pst@C@@rType=\count307
\pslinewidth=\dimen179
\psk@startLW=\dimen180
\psk@endLW=\dimen181
\pst@customdefs=\toks33
\pslinearc=\dimen182
\pst@symbolStep=\dimen183
\pst@symbolWidth=\dimen184
\pst@symbolLinewidth=\dimen185
\everypsbox=\toks34
\psframesep=\dimen186
\pslabelsep=\dimen187
\sh@wgridXunit=\dimen188
\sh@wgridYunit=\dimen189
\pst@shift=\dimen190
)
File: pstricks.tex 2021/05/31 v3.02 `PSTricks' (tvz,hv)

(C:\Users\Charles Cao\AppData\Local\Programs\MiKTeX\tex/generic/pstricks\pst-fp
.tex `pst-fp' v0.06, 2020/11/20 (hv))
File: pst-fp.tex 2020/11/20 v0.06 `PST-fp' (hv)
)
(C:\Users\Charles Cao\AppData\Local\Programs\MiKTeX\tex/latex/pst-ovl\pst-ovl.s
ty
Package: pst-ovl 2020/05/01 v0.02 LaTeX wrapper for `pst-ovl' (HV)
File: pst-ovl.tex 2020/05/01 v0.07b overlay macros `pst-ovl' (HV)

(C:\Users\Charles Cao\AppData\Local\Programs\MiKTeX\tex/generic/pst-ovl\pst-ovl
.tex `pst-ovl' v0.07b, 2020/05/01 (tvz,hv)
\thepsoverlaybox=\box57
))
(C:\Users\Charles Cao\AppData\Local\Programs\MiKTeX\tex/latex/enumitem\enumitem
.sty
Package: enumitem 2019/06/20 v3.9 Customized lists
\enitkv@toks@=\toks35
\labelindent=\skip55
\enit@outerparindent=\dimen191
\enit@toks=\toks36
\enit@inbox=\box58
\enit@count@id=\count308
\enitdp@description=\count309
)
(C:\Users\Charles Cao\AppData\Local\Programs\MiKTeX\tex/latex/tools\verbatim.st
y
Package: verbatim 2020-07-07 v1.5u LaTeX2e package for verbatim enhancements
\every@verbatim=\toks37
\verbatim@line=\toks38
\verbatim@in@stream=\read2
)
\pd@logobox=\box59

(C:\Users\Charles Cao\AppData\Local\Programs\MiKTeX\tex/latex/powerdot-tuliplab
\powerdot-tuliplab.sty
Package: powerdot-tuliplab 2011/04/25 v1.4g default style (HA)

(C:\Users\Charles Cao\AppData\Local\Programs\MiKTeX\tex/latex/psnfss\pifont.sty
Package: pifont 2020/03/25 PSNFSS-v9.3 Pi font support (SPQR) 
LaTeX Font Info:    Trying to load font information for U+pzd on input line 63.

(C:\Users\Charles Cao\AppData\Local\Programs\MiKTeX\tex/latex/psnfss\upzd.fd
File: upzd.fd 2001/06/04 font definitions for U/pzd.
)
LaTeX Font Info:    Trying to load font information for U+psy on input line 64.


(C:\Users\Charles Cao\AppData\Local\Programs\MiKTeX\tex/latex/psnfss\upsy.fd
File: upsy.fd 2001/06/04 font definitions for U/psy.
))
\pd@imagebox=\box60
File: logos/tulip.eps Graphic file (type eps)

<logos/tulip.eps>
\pd@wordmark=\box61
File: logos/tulip-wordmark.eps Graphic file (type eps)
 <logos/tulip-wordmark.eps>
\pd@seal=\box62
File: logos/tulip-logo.eps Graphic file (type eps)
 <logos/tulip-logo.eps>))
(C:\Users\Charles Cao\AppData\Local\Programs\MiKTeX\tex/latex/cancel\cancel.sty
Package: cancel 2013/04/12 v2.2 Cancel math terms
)
(C:\Users\Charles Cao\AppData\Local\Programs\MiKTeX\tex/latex/caption\caption.s
ty
Package: caption 2020/10/26 v3.5g Customizing captions (AR)

(C:\Users\Charles Cao\AppData\Local\Programs\MiKTeX\tex/latex/caption\caption3.
sty
Package: caption3 2020/10/21 v2.2e caption3 kernel (AR)
\captionmargin=\dimen192
\captionmargin@=\dimen193
\captionwidth=\dimen194
\caption@tempdima=\dimen195
\caption@indent=\dimen196
\caption@parindent=\dimen197
\caption@hangindent=\dimen198
Package caption Info: Standard document class detected.
)
\c@caption@flags=\count310
\c@continuedfloat=\count311
Package caption Info: hyperref package is loaded.
)
(C:\Users\Charles Cao\AppData\Local\Programs\MiKTeX\tex/latex/stackengine\stack
engine.sty
Package: stackengine 2017/02/13 v4.01\ Stacking text and objects in convenient 
ways

(C:\Users\Charles Cao\AppData\Local\Programs\MiKTeX\tex/latex/etoolbox\etoolbox
.sty
Package: etoolbox 2020/10/05 v2.5k e-TeX tools for LaTeX (JAW)
\etb@tempcnta=\count312
)
(C:\Users\Charles Cao\AppData\Local\Programs\MiKTeX\tex/latex/listofitems\listo
fitems.sty
(C:\Users\Charles Cao\AppData\Local\Programs\MiKTeX\tex/generic/listofitems\lis
tofitems.tex
\loi_cnt_foreach_nest=\count313
\loi_nestcnt=\count314
)
Package: listofitems 2019/08/21 v1.63 Grab items in lists using user-specified 
sep char (CT)
)
(C:\Users\Charles Cao\AppData\Local\Programs\MiKTeX\tex/latex/tools\calc.sty
Package: calc 2017/05/25 v4.3 Infix arithmetic (KKT,FJ)
\calc@Acount=\count315
\calc@Bcount=\count316
\calc@Adimen=\dimen199
\calc@Bdimen=\dimen256
\calc@Askip=\skip56
\calc@Bskip=\skip57
LaTeX Info: Redefining \setlength on input line 80.
LaTeX Info: Redefining \addtolength on input line 81.
\calc@Ccount=\count317
\calc@Cskip=\skip58
)
\c@@stackindex=\count318
\@boxshift=\skip59
\stack@tmplength=\skip60
\temp@stkl=\skip61
\@stackedboxwidth=\skip62
\@addedbox=\box63
\@anchorbox=\box64
\stackedbox=\box65
\@centerbox=\box66
\c@ROWcellindex@=\count319
)
(C:\Users\Charles Cao\AppData\Local\Programs\MiKTeX\tex/latex/smartdiagram\smar
tdiagram.sty
Package: smartdiagram 2016/12/23 v0.3b Automatic creation of smart diagrams fro
m lists of items.

(C:\Users\Charles Cao\AppData\Local\Programs\MiKTeX\tex/latex/pgf/frontendlayer
\tikz.sty
(C:\Users\Charles Cao\AppData\Local\Programs\MiKTeX\tex/latex/pgf/basiclayer\pg
f.sty
(C:\Users\Charles Cao\AppData\Local\Programs\MiKTeX\tex/latex/pgf/utilities\pgf
rcs.sty
(C:\Users\Charles Cao\AppData\Local\Programs\MiKTeX\tex/generic/pgf/utilities\p
gfutil-common.tex
\pgfutil@everybye=\toks39
\pgfutil@tempdima=\dimen257
\pgfutil@tempdimb=\dimen258

(C:\Users\Charles Cao\AppData\Local\Programs\MiKTeX\tex/generic/pgf/utilities\p
gfutil-common-lists.tex))
(C:\Users\Charles Cao\AppData\Local\Programs\MiKTeX\tex/generic/pgf/utilities\p
gfutil-latex.def
\pgfutil@abb=\box67
)
(C:\Users\Charles Cao\AppData\Local\Programs\MiKTeX\tex/generic/pgf/utilities\p
gfrcs.code.tex
(C:\Users\Charles Cao\AppData\Local\Programs\MiKTeX\tex/generic/pgf\pgf.revisio
n.tex)
Package: pgfrcs 2021/05/15 v3.1.9a (3.1.9a)
))
Package: pgf 2021/05/15 v3.1.9a (3.1.9a)

(C:\Users\Charles Cao\AppData\Local\Programs\MiKTeX\tex/latex/pgf/basiclayer\pg
fcore.sty
(C:\Users\Charles Cao\AppData\Local\Programs\MiKTeX\tex/latex/pgf/systemlayer\p
gfsys.sty
(C:\Users\Charles Cao\AppData\Local\Programs\MiKTeX\tex/generic/pgf/systemlayer
\pgfsys.code.tex
Package: pgfsys 2021/05/15 v3.1.9a (3.1.9a)

(C:\Users\Charles Cao\AppData\Local\Programs\MiKTeX\tex/generic/pgf/utilities\p
gfkeys.code.tex)
\pgf@x=\dimen259
\pgf@y=\dimen260
\pgf@xa=\dimen261
\pgf@ya=\dimen262
\pgf@xb=\dimen263
\pgf@yb=\dimen264
\pgf@xc=\dimen265
\pgf@yc=\dimen266
\pgf@xd=\dimen267
\pgf@yd=\dimen268
\w@pgf@writea=\write6
\r@pgf@reada=\read3
\c@pgf@counta=\count320
\c@pgf@countb=\count321
\c@pgf@countc=\count322
\c@pgf@countd=\count323
\t@pgf@toka=\toks40
\t@pgf@tokb=\toks41
\t@pgf@tokc=\toks42
\pgf@sys@id@count=\count324

(C:\Users\Charles Cao\AppData\Local\Programs\MiKTeX\tex/generic/pgf/systemlayer
\pgf.cfg
File: pgf.cfg 2021/05/15 v3.1.9a (3.1.9a)
)
Driver file for pgf: pgfsys-dvips.def

(C:\Users\Charles Cao\AppData\Local\Programs\MiKTeX\tex/generic/pgf/systemlayer
\pgfsys-dvips.def
File: pgfsys-dvips.def 2021/05/15 v3.1.9a (3.1.9a)

(C:\Users\Charles Cao\AppData\Local\Programs\MiKTeX\tex/generic/pgf/systemlayer
\pgfsys-common-postscript.def
File: pgfsys-common-postscript.def 2021/05/15 v3.1.9a (3.1.9a)
\pgf@objectcount=\count325
)))
(C:\Users\Charles Cao\AppData\Local\Programs\MiKTeX\tex/generic/pgf/systemlayer
\pgfsyssoftpath.code.tex
File: pgfsyssoftpath.code.tex 2021/05/15 v3.1.9a (3.1.9a)
\pgfsyssoftpath@smallbuffer@items=\count326
\pgfsyssoftpath@bigbuffer@items=\count327
)
(C:\Users\Charles Cao\AppData\Local\Programs\MiKTeX\tex/generic/pgf/systemlayer
\pgfsysprotocol.code.tex
File: pgfsysprotocol.code.tex 2021/05/15 v3.1.9a (3.1.9a)
))
(C:\Users\Charles Cao\AppData\Local\Programs\MiKTeX\tex/generic/pgf/basiclayer\
pgfcore.code.tex
Package: pgfcore 2021/05/15 v3.1.9a (3.1.9a)

(C:\Users\Charles Cao\AppData\Local\Programs\MiKTeX\tex/generic/pgf/math\pgfmat
h.code.tex)
(C:\Users\Charles Cao\AppData\Local\Programs\MiKTeX\tex/generic/pgf/math\pgfint
.code.tex)
(C:\Users\Charles Cao\AppData\Local\Programs\MiKTeX\tex/generic/pgf/basiclayer\
pgfcorepoints.code.tex
File: pgfcorepoints.code.tex 2021/05/15 v3.1.9a (3.1.9a)
\pgf@picminx=\dimen269
\pgf@picmaxx=\dimen270
\pgf@picminy=\dimen271
\pgf@picmaxy=\dimen272
\pgf@pathminx=\dimen273
\pgf@pathmaxx=\dimen274
\pgf@pathminy=\dimen275
\pgf@pathmaxy=\dimen276
\pgf@xx=\dimen277
\pgf@xy=\dimen278
\pgf@yx=\dimen279
\pgf@yy=\dimen280
\pgf@zx=\dimen281
\pgf@zy=\dimen282
)
(C:\Users\Charles Cao\AppData\Local\Programs\MiKTeX\tex/generic/pgf/basiclayer\
pgfcorepathconstruct.code.tex
File: pgfcorepathconstruct.code.tex 2021/05/15 v3.1.9a (3.1.9a)
\pgf@path@lastx=\dimen283
\pgf@path@lasty=\dimen284
)
(C:\Users\Charles Cao\AppData\Local\Programs\MiKTeX\tex/generic/pgf/basiclayer\
pgfcorepathusage.code.tex
File: pgfcorepathusage.code.tex 2021/05/15 v3.1.9a (3.1.9a)
\pgf@shorten@end@additional=\dimen285
\pgf@shorten@start@additional=\dimen286
)
(C:\Users\Charles Cao\AppData\Local\Programs\MiKTeX\tex/generic/pgf/basiclayer\
pgfcorescopes.code.tex
File: pgfcorescopes.code.tex 2021/05/15 v3.1.9a (3.1.9a)
\pgfpic=\box68
\pgf@hbox=\box69
\pgf@layerbox@main=\box70
\pgf@picture@serial@count=\count328
)
(C:\Users\Charles Cao\AppData\Local\Programs\MiKTeX\tex/generic/pgf/basiclayer\
pgfcoregraphicstate.code.tex
File: pgfcoregraphicstate.code.tex 2021/05/15 v3.1.9a (3.1.9a)
\pgflinewidth=\dimen287
)
(C:\Users\Charles Cao\AppData\Local\Programs\MiKTeX\tex/generic/pgf/basiclayer\
pgfcoretransformations.code.tex
File: pgfcoretransformations.code.tex 2021/05/15 v3.1.9a (3.1.9a)
\pgf@pt@x=\dimen288
\pgf@pt@y=\dimen289
\pgf@pt@temp=\dimen290
)
(C:\Users\Charles Cao\AppData\Local\Programs\MiKTeX\tex/generic/pgf/basiclayer\
pgfcorequick.code.tex
File: pgfcorequick.code.tex 2021/05/15 v3.1.9a (3.1.9a)
)
(C:\Users\Charles Cao\AppData\Local\Programs\MiKTeX\tex/generic/pgf/basiclayer\
pgfcoreobjects.code.tex
File: pgfcoreobjects.code.tex 2021/05/15 v3.1.9a (3.1.9a)
)
(C:\Users\Charles Cao\AppData\Local\Programs\MiKTeX\tex/generic/pgf/basiclayer\
pgfcorepathprocessing.code.tex
File: pgfcorepathprocessing.code.tex 2021/05/15 v3.1.9a (3.1.9a)
)
(C:\Users\Charles Cao\AppData\Local\Programs\MiKTeX\tex/generic/pgf/basiclayer\
pgfcorearrows.code.tex
File: pgfcorearrows.code.tex 2021/05/15 v3.1.9a (3.1.9a)
\pgfarrowsep=\dimen291
)
(C:\Users\Charles Cao\AppData\Local\Programs\MiKTeX\tex/generic/pgf/basiclayer\
pgfcoreshade.code.tex
File: pgfcoreshade.code.tex 2021/05/15 v3.1.9a (3.1.9a)
\pgf@max=\dimen292
\pgf@sys@shading@range@num=\count329
\pgf@shadingcount=\count330
)
(C:\Users\Charles Cao\AppData\Local\Programs\MiKTeX\tex/generic/pgf/basiclayer\
pgfcoreimage.code.tex
File: pgfcoreimage.code.tex 2021/05/15 v3.1.9a (3.1.9a)

(C:\Users\Charles Cao\AppData\Local\Programs\MiKTeX\tex/generic/pgf/basiclayer\
pgfcoreexternal.code.tex
File: pgfcoreexternal.code.tex 2021/05/15 v3.1.9a (3.1.9a)
\pgfexternal@startupbox=\box71
))
(C:\Users\Charles Cao\AppData\Local\Programs\MiKTeX\tex/generic/pgf/basiclayer\
pgfcorelayers.code.tex
File: pgfcorelayers.code.tex 2021/05/15 v3.1.9a (3.1.9a)
)
(C:\Users\Charles Cao\AppData\Local\Programs\MiKTeX\tex/generic/pgf/basiclayer\
pgfcoretransparency.code.tex
File: pgfcoretransparency.code.tex 2021/05/15 v3.1.9a (3.1.9a)
)
(C:\Users\Charles Cao\AppData\Local\Programs\MiKTeX\tex/generic/pgf/basiclayer\
pgfcorepatterns.code.tex
File: pgfcorepatterns.code.tex 2021/05/15 v3.1.9a (3.1.9a)
)
(C:\Users\Charles Cao\AppData\Local\Programs\MiKTeX\tex/generic/pgf/basiclayer\
pgfcorerdf.code.tex
File: pgfcorerdf.code.tex 2021/05/15 v3.1.9a (3.1.9a)
)))
(C:\Users\Charles Cao\AppData\Local\Programs\MiKTeX\tex/generic/pgf/modules\pgf
moduleshapes.code.tex
File: pgfmoduleshapes.code.tex 2021/05/15 v3.1.9a (3.1.9a)
\pgfnodeparttextbox=\box72
)
(C:\Users\Charles Cao\AppData\Local\Programs\MiKTeX\tex/generic/pgf/modules\pgf
moduleplot.code.tex
File: pgfmoduleplot.code.tex 2021/05/15 v3.1.9a (3.1.9a)
)
(C:\Users\Charles Cao\AppData\Local\Programs\MiKTeX\tex/latex/pgf/compatibility
\pgfcomp-version-0-65.sty
Package: pgfcomp-version-0-65 2021/05/15 v3.1.9a (3.1.9a)
\pgf@nodesepstart=\dimen293
\pgf@nodesepend=\dimen294
)
(C:\Users\Charles Cao\AppData\Local\Programs\MiKTeX\tex/latex/pgf/compatibility
\pgfcomp-version-1-18.sty
Package: pgfcomp-version-1-18 2021/05/15 v3.1.9a (3.1.9a)
))
(C:\Users\Charles Cao\AppData\Local\Programs\MiKTeX\tex/latex/pgf/utilities\pgf
for.sty
(C:\Users\Charles Cao\AppData\Local\Programs\MiKTeX\tex/latex/pgf/utilities\pgf
keys.sty
(C:\Users\Charles Cao\AppData\Local\Programs\MiKTeX\tex/generic/pgf/utilities\p
gfkeys.code.tex))
(C:\Users\Charles Cao\AppData\Local\Programs\MiKTeX\tex/latex/pgf/math\pgfmath.
sty
(C:\Users\Charles Cao\AppData\Local\Programs\MiKTeX\tex/generic/pgf/math\pgfmat
h.code.tex))
(C:\Users\Charles Cao\AppData\Local\Programs\MiKTeX\tex/generic/pgf/utilities\p
gffor.code.tex
Package: pgffor 2021/05/15 v3.1.9a (3.1.9a)

(C:\Users\Charles Cao\AppData\Local\Programs\MiKTeX\tex/generic/pgf/math\pgfmat
h.code.tex)
\pgffor@iter=\dimen295
\pgffor@skip=\dimen296
\pgffor@stack=\toks43
\pgffor@toks=\toks44
))
(C:\Users\Charles Cao\AppData\Local\Programs\MiKTeX\tex/generic/pgf/frontendlay
er/tikz\tikz.code.tex
Package: tikz 2021/05/15 v3.1.9a (3.1.9a)

(C:\Users\Charles Cao\AppData\Local\Programs\MiKTeX\tex/generic/pgf/libraries\p
gflibraryplothandlers.code.tex
File: pgflibraryplothandlers.code.tex 2021/05/15 v3.1.9a (3.1.9a)
\pgf@plot@mark@count=\count331
\pgfplotmarksize=\dimen297
)
\tikz@lastx=\dimen298
\tikz@lasty=\dimen299
\tikz@lastxsaved=\dimen300
\tikz@lastysaved=\dimen301
\tikz@lastmovetox=\dimen302
\tikz@lastmovetoy=\dimen303
\tikzleveldistance=\dimen304
\tikzsiblingdistance=\dimen305
\tikz@figbox=\box73
\tikz@figbox@bg=\box74
\tikz@tempbox=\box75
\tikz@tempbox@bg=\box76
\tikztreelevel=\count332
\tikznumberofchildren=\count333
\tikznumberofcurrentchild=\count334
\tikz@fig@count=\count335

(C:\Users\Charles Cao\AppData\Local\Programs\MiKTeX\tex/generic/pgf/modules\pgf
modulematrix.code.tex
File: pgfmodulematrix.code.tex 2021/05/15 v3.1.9a (3.1.9a)
\pgfmatrixcurrentrow=\count336
\pgfmatrixcurrentcolumn=\count337
\pgf@matrix@numberofcolumns=\count338
)
\tikz@expandcount=\count339

(C:\Users\Charles Cao\AppData\Local\Programs\MiKTeX\tex/generic/pgf/frontendlay
er/tikz/libraries\tikzlibrarytopaths.code.tex
File: tikzlibrarytopaths.code.tex 2021/05/15 v3.1.9a (3.1.9a)
)))
(C:\Users\Charles Cao\AppData\Local\Programs\MiKTeX\tex/latex/l3packages/xparse
\xparse.sty
(C:\Users\Charles Cao\AppData\Local\Programs\MiKTeX\tex/latex/l3kernel\expl3.st
y
Package: expl3 2021-06-18 L3 programming layer (loader) 

(C:\Users\Charles Cao\AppData\Local\Programs\MiKTeX\tex/latex/l3backend\l3backe
nd-dvips.def
File: l3backend-dvips.def 2021-05-07 L3 backend support: dvips
\l__pdf_internal_box=\box77
\g__pdf_backend_object_int=\count340
\l__pdf_backend_content_box=\box78
\l__pdf_backend_model_box=\box79
\g__pdf_backend_annotation_int=\count341
\g__pdf_backend_link_int=\count342
\g__pdf_backend_link_sf_int=\count343
))
Package: xparse 2021-06-18 L3 Experimental document command parser
)
(C:\Users\Charles Cao\AppData\Local\Programs\MiKTeX\tex/latex/xstring\xstring.s
ty
(C:\Users\Charles Cao\AppData\Local\Programs\MiKTeX\tex/generic/xstring\xstring
.tex
\integerpart=\count344
\decimalpart=\count345
)
Package: xstring 2019/02/06 v1.83 String manipulations (CT)
)
(C:\Users\Charles Cao\AppData\Local\Programs\MiKTeX\tex/generic/pgf/frontendlay
er/tikz/libraries\tikzlibrarybackgrounds.code.tex
File: tikzlibrarybackgrounds.code.tex 2021/05/15 v3.1.9a (3.1.9a)
\pgf@layerbox@background=\box80
\pgf@layerboxsaved@background=\box81
)
(C:\Users\Charles Cao\AppData\Local\Programs\MiKTeX\tex/generic/pgf/frontendlay
er/tikz/libraries\tikzlibrarycalc.code.tex
File: tikzlibrarycalc.code.tex 2021/05/15 v3.1.9a (3.1.9a)
)
(C:\Users\Charles Cao\AppData\Local\Programs\MiKTeX\tex/generic/pgf/frontendlay
er/tikz/libraries\tikzlibraryfadings.code.tex
File: tikzlibraryfadings.code.tex 2021/05/15 v3.1.9a (3.1.9a)

(C:\Users\Charles Cao\AppData\Local\Programs\MiKTeX\tex/generic/pgf/libraries\p
gflibraryfadings.code.tex
File: pgflibraryfadings.code.tex 2021/05/15 v3.1.9a (3.1.9a)
))
(C:\Users\Charles Cao\AppData\Local\Programs\MiKTeX\tex/generic/pgf/frontendlay
er/tikz/libraries\tikzlibraryshadows.code.tex
File: tikzlibraryshadows.code.tex 2021/05/15 v3.1.9a (3.1.9a)
)
(C:\Users\Charles Cao\AppData\Local\Programs\MiKTeX\tex/generic/pgf/frontendlay
er/tikz/libraries\tikzlibraryshapes.arrows.code.tex
File: tikzlibraryshapes.arrows.code.tex 2021/05/15 v3.1.9a (3.1.9a)

(C:\Users\Charles Cao\AppData\Local\Programs\MiKTeX\tex/generic/pgf/libraries/s
hapes\pgflibraryshapes.arrows.code.tex
File: pgflibraryshapes.arrows.code.tex 2021/05/15 v3.1.9a (3.1.9a)
))
(C:\Users\Charles Cao\AppData\Local\Programs\MiKTeX\tex/generic/pgf/frontendlay
er/tikz/libraries\tikzlibraryshapes.symbols.code.tex
File: tikzlibraryshapes.symbols.code.tex 2021/05/15 v3.1.9a (3.1.9a)

(C:\Users\Charles Cao\AppData\Local\Programs\MiKTeX\tex/generic/pgf/libraries/s
hapes\pgflibraryshapes.symbols.code.tex
File: pgflibraryshapes.symbols.code.tex 2021/05/15 v3.1.9a (3.1.9a)
))
\pgf@layerbox@smart diagram arrow back=\box82
\pgf@layerboxsaved@smart diagram arrow back=\box83

(C:\Users\Charles Cao\AppData\Local\Programs\MiKTeX\tex/latex/smartdiagram\smar
tdiagramlibrarycore.definitions.code.tex)
(C:\Users\Charles Cao\AppData\Local\Programs\MiKTeX\tex/latex/smartdiagram\smar
tdiagramlibrarycore.styles.code.tex)
(C:\Users\Charles Cao\AppData\Local\Programs\MiKTeX\tex/latex/smartdiagram\smar
tdiagramlibrarycore.commands.code.tex))
(C:\Users\Charles Cao\AppData\Local\Programs\MiKTeX\tex/latex/frankenstein\attr
ib.sty
Package: attrib 2001/08/31 v1.3 attribution of block elements (Frankenstein's h
at)

(C:\Users\Charles Cao\AppData\Local\Programs\MiKTeX\tex/latex/frankenstein\more
defs.sty
Package: moredefs 2001/08/31 v1.8 more defining commands (Frankenstein's brain)

\sc@toks@a=\toks45
\sc@toks@b=\toks46
)
\AttribMinSkip=\skip63
)
(C:\Users\Charles Cao\AppData\Local\Programs\MiKTeX\tex/latex/amsfonts\amssymb.
sty
Package: amssymb 2013/01/14 v3.01 AMS font symbols

(C:\Users\Charles Cao\AppData\Local\Programs\MiKTeX\tex/latex/amsfonts\amsfonts
.sty
Package: amsfonts 2013/01/14 v3.01 Basic AMSFonts support
\@emptytoks=\toks47
\symAMSa=\mathgroup4
\symAMSb=\mathgroup5
LaTeX Font Info:    Redeclaring math symbol \hbar on input line 98.
LaTeX Font Info:    Overwriting math alphabet `\mathfrak' in version `bold'
(Font)                  U/euf/m/n --> U/euf/b/n on input line 106.
))
(C:\Users\Charles Cao\AppData\Local\Programs\MiKTeX\tex/latex/amsmath\amsmath.s
ty
Package: amsmath 2021/04/20 v2.17j AMS math features
\@mathmargin=\skip64

For additional information on amsmath, use the `?' option.

(C:\Users\Charles Cao\AppData\Local\Programs\MiKTeX\tex/latex/amsmath\amstext.s
ty
Package: amstext 2000/06/29 v2.01 AMS text

(C:\Users\Charles Cao\AppData\Local\Programs\MiKTeX\tex/latex/amsmath\amsgen.st
y
File: amsgen.sty 1999/11/30 v2.0 generic functions
\@emptytoks=\toks48
\ex@=\dimen306
))
(C:\Users\Charles Cao\AppData\Local\Programs\MiKTeX\tex/latex/amsmath\amsbsy.st
y
Package: amsbsy 1999/11/29 v1.2d Bold Symbols
\pmbraise@=\dimen307
)
(C:\Users\Charles Cao\AppData\Local\Programs\MiKTeX\tex/latex/amsmath\amsopn.st
y
Package: amsopn 2016/03/08 v2.02 operator names
)
\inf@bad=\count346
LaTeX Info: Redefining \frac on input line 234.
\uproot@=\count347
\leftroot@=\count348
LaTeX Info: Redefining \overline on input line 399.
\classnum@=\count349
\DOTSCASE@=\count350
LaTeX Info: Redefining \ldots on input line 496.
LaTeX Info: Redefining \dots on input line 499.
LaTeX Info: Redefining \cdots on input line 620.
\Mathstrutbox@=\box84
\strutbox@=\box85
\big@size=\dimen308
LaTeX Font Info:    Redeclaring font encoding OML on input line 743.
LaTeX Font Info:    Redeclaring font encoding OMS on input line 744.
\macc@depth=\count351
\c@MaxMatrixCols=\count352
\dotsspace@=\muskip17
\c@parentequation=\count353
\dspbrk@lvl=\count354
\tag@help=\toks49
\row@=\count355
\column@=\count356
\maxfields@=\count357
\andhelp@=\toks50
\eqnshift@=\dimen309
\alignsep@=\dimen310
\tagshift@=\dimen311
\tagwidth@=\dimen312
\totwidth@=\dimen313
\lineht@=\dimen314
\@envbody=\toks51
\multlinegap=\skip65
\multlinetaggap=\skip66
\mathdisplay@stack=\toks52
LaTeX Info: Redefining \[ on input line 2923.
LaTeX Info: Redefining \] on input line 2924.
)
(C:\Users\Charles Cao\AppData\Local\Programs\MiKTeX\tex/latex/amscls\amsthm.sty
Package: amsthm 2020/05/29 v2.20.6
\thm@style=\toks53
\thm@bodyfont=\toks54
\thm@headfont=\toks55
\thm@notefont=\toks56
\thm@headpunct=\toks57
\thm@preskip=\skip67
\thm@postskip=\skip68
\thm@headsep=\skip69
\dth@everypar=\toks58
)
(C:\Users\Charles Cao\AppData\Local\Programs\MiKTeX\tex/latex/mathtools\mathtoo
ls.sty
Package: mathtools 2021/04/12 v1.27 mathematical typesetting tools

(C:\Users\Charles Cao\AppData\Local\Programs\MiKTeX\tex/latex/mathtools\mhsetup
.sty
Package: mhsetup 2021/03/18 v1.4 programming setup (MH)
)
LaTeX Info: Thecontrolsequence`\('isalreadyrobust on input line 130.
LaTeX Info: Thecontrolsequence`\)'isalreadyrobust on input line 130.
LaTeX Info: Thecontrolsequence`\['isalreadyrobust on input line 130.
LaTeX Info: Thecontrolsequence`\]'isalreadyrobust on input line 130.
\g_MT_multlinerow_int=\count358
\l_MT_multwidth_dim=\dimen315
\origjot=\skip70
\l_MT_shortvdotswithinadjustabove_dim=\dimen316
\l_MT_shortvdotswithinadjustbelow_dim=\dimen317
\l_MT_above_intertext_sep=\dimen318
\l_MT_below_intertext_sep=\dimen319
\l_MT_above_shortintertext_sep=\dimen320
\l_MT_below_shortintertext_sep=\dimen321
\xmathstrut@box=\box86
\xmathstrut@dim=\dimen322
)
(C:\Users\Charles Cao\AppData\Local\Programs\MiKTeX\tex/latex/graphics\rotating
.sty
Package: rotating 2016/08/11 v2.16d rotated objects in LaTeX

(C:\Users\Charles Cao\AppData\Local\Programs\MiKTeX\tex/latex/base\ifthen.sty
Package: ifthen 2020/11/24 v1.1c Standard LaTeX ifthen package (DPC)
)
\c@r@tfl@t=\count359
\rotFPtop=\skip71
\rotFPbot=\skip72
\rot@float@box=\box87
\rot@mess@toks=\toks59
)
(C:\Users\Charles Cao\AppData\Local\Programs\MiKTeX\tex/latex/boxedminipage\box
edminipage.sty
Package: boxedminipage 2020/04/19 v1.1 Boxed LaTeX2e minipages
\bmp@box=\box88
\bmp@width=\skip73
\bmp@height=\skip74
)
(C:\Users\Charles Cao\AppData\Local\Programs\MiKTeX\tex/generic/dvips\rotate.st
y
\@rotdimen=\dimen323
\@rotbox=\box89
)
(C:\Users\Charles Cao\AppData\Local\Programs\MiKTeX\tex/latex/textpos\textpos.s
ty
Package: textpos 2020/09/26 v1.10

Package: textpos 2020/09/26 1.10, absolute positioning of text on the page
Package textpos Info: choosing support for LaTeX3 on input line 61.
\TP@textbox=\box90
\TP@holdbox=\box91
\TPHorizModule=\dimen324
\TPVertModule=\dimen325
\TP@margin=\dimen326
\TP@absmargin=\dimen327
Grid set 16 x 16 = 90.0pt x 56.25pt
\TPboxrulesize=\dimen328
\TP@ox=\dimen329
\TP@oy=\dimen330
\TP@tbargs=\toks60
TextBlockOrigin set to 0pt x 0pt
)
(C:\Users\Charles Cao\AppData\Local\Programs\MiKTeX\tex/latex/psfrag\psfrag.sty
Package: psfrag 1998/04/11 v3.04 PSfrag (MCG)
\pfg@pcount=\count360
\pfg@scount=\count361
\pfg@temp=\write7
)
(C:\Users\Charles Cao\AppData\Local\Programs\MiKTeX\tex/latex/overpic\overpic.s
ty
Package: overpic 2020/02/22 1.3 picture overlays (RN)
 (C:\Users\Charles Cao\AppData\Local\Programs\MiKTeX\tex/latex/epic\epic.sty
Enhancements to Picture Environment. Version 1.2 - Released June 1, 1986
\@@multicnt=\count362
\d@lta=\count363
\@delta=\dimen331
\@@delta=\dimen332
\@gridcnt=\count364
\@joinkind=\count365
\@dotgap=\dimen333
\@ddotgap=\dimen334
\@x@diff=\count366
\@y@diff=\count367
\x@diff=\dimen335
\y@diff=\dimen336
\@dotbox=\box92
\num@segments=\count368
\num@segmentsi=\count369
\@datafile=\read4
)
\OVP@box=\box93
)
(C:\Users\Charles Cao\AppData\Local\Programs\MiKTeX\tex/latex/fouriernc\fourier
nc.sty
Package: fouriernc 2005/12/20 1.0 fouriernc package

(C:\Users\Charles Cao\AppData\Local\Programs\MiKTeX\tex/latex/fourier\fourier.s
ty
Package: fourier 2020/03/03 2.2 fourier-GUTenberg package
Now handling font encoding FML ...
... no UTF-8 mapping file for font encoding FML
Now handling font encoding FMS ...
... no UTF-8 mapping file for font encoding FMS
Now handling font encoding FMX ...
... no UTF-8 mapping file for font encoding FMX

(C:\Users\Charles Cao\AppData\Local\Programs\MiKTeX\tex/latex/base\fontenc.sty
Package: fontenc 2021/04/29 v2.0v Standard LaTeX package
LaTeX Font Info:    Trying to load font information for T1+futs on input line 1
12.

(C:\Users\Charles Cao\AppData\Local\Programs\MiKTeX\tex/latex/fourier\t1futs.fd
File: t1futs.fd 2004/03/02 Fontinst v1.926 font definitions for T1/futs.
))
(C:\Users\Charles Cao\AppData\Local\Programs\MiKTeX\tex/latex/base\textcomp.sty
Package: textcomp 2020/02/02 v2.0n Standard LaTeX package
)
(C:\Users\Charles Cao\AppData\Local\Programs\MiKTeX\tex/latex/fourier\fourier-o
rns.sty
Package: fourier-orns 2020/03/03 2.2 fourier-ornaments package
)
LaTeX Font Info:    Redeclaring symbol font `operators' on input line 63.
LaTeX Font Info:    Encoding `OT1' has changed to `T1' for symbol font
(Font)              `operators' in the math version `normal' on input line 63.
LaTeX Font Info:    Overwriting symbol font `operators' in version `normal'
(Font)                  OT1/cmr/m/n --> T1/futs/m/n on input line 63.
LaTeX Font Info:    Encoding `OT1' has changed to `T1' for symbol font
(Font)              `operators' in the math version `bold' on input line 63.
LaTeX Font Info:    Overwriting symbol font `operators' in version `bold'
(Font)                  OT1/cmr/bx/n --> T1/futs/m/n on input line 63.
LaTeX Font Info:    Overwriting symbol font `operators' in version `bold'
(Font)                  T1/futs/m/n --> T1/futs/b/n on input line 64.
LaTeX Font Info:    Redeclaring symbol font `letters' on input line 72.
LaTeX Font Info:    Encoding `OML' has changed to `FML' for symbol font
(Font)              `letters' in the math version `normal' on input line 72.
LaTeX Font Info:    Overwriting symbol font `letters' in version `normal'
(Font)                  OML/cmm/m/it --> FML/futmi/m/it on input line 72.
LaTeX Font Info:    Encoding `OML' has changed to `FML' for symbol font
(Font)              `letters' in the math version `bold' on input line 72.
LaTeX Font Info:    Overwriting symbol font `letters' in version `bold'
(Font)                  OML/cmm/b/it --> FML/futmi/m/it on input line 72.
\symotherletters=\mathgroup6
LaTeX Font Info:    Overwriting symbol font `letters' in version `bold'
(Font)                  FML/futmi/m/it --> FML/futmi/b/it on input line 74.
LaTeX Font Info:    Overwriting symbol font `otherletters' in version `bold'
(Font)                  FML/futm/m/it --> FML/futm/b/it on input line 75.
LaTeX Font Info:    Redeclaring math symbol \Gamma on input line 76.
LaTeX Font Info:    Redeclaring math symbol \Delta on input line 77.
LaTeX Font Info:    Redeclaring math symbol \Theta on input line 78.
LaTeX Font Info:    Redeclaring math symbol \Lambda on input line 79.
LaTeX Font Info:    Redeclaring math symbol \Xi on input line 80.
LaTeX Font Info:    Redeclaring math symbol \Pi on input line 81.
LaTeX Font Info:    Redeclaring math symbol \Sigma on input line 82.
LaTeX Font Info:    Redeclaring math symbol \Upsilon on input line 83.
LaTeX Font Info:    Redeclaring math symbol \Phi on input line 84.
LaTeX Font Info:    Redeclaring math symbol \Psi on input line 85.
LaTeX Font Info:    Redeclaring math symbol \Omega on input line 86.
LaTeX Font Info:    Redeclaring symbol font `symbols' on input line 126.
LaTeX Font Info:    Encoding `OMS' has changed to `FMS' for symbol font
(Font)              `symbols' in the math version `normal' on input line 126.
LaTeX Font Info:    Overwriting symbol font `symbols' in version `normal'
(Font)                  OMS/cmsy/m/n --> FMS/futm/m/n on input line 126.
LaTeX Font Info:    Encoding `OMS' has changed to `FMS' for symbol font
(Font)              `symbols' in the math version `bold' on input line 126.
LaTeX Font Info:    Overwriting symbol font `symbols' in version `bold'
(Font)                  OMS/cmsy/b/n --> FMS/futm/m/n on input line 126.
LaTeX Font Info:    Redeclaring symbol font `largesymbols' on input line 127.
LaTeX Font Info:    Encoding `OMX' has changed to `FMX' for symbol font
(Font)              `largesymbols' in the math version `normal' on input line 1
27.
LaTeX Font Info:    Overwriting symbol font `largesymbols' in version `normal'
(Font)                  OMX/cmex/m/n --> FMX/futm/m/n on input line 127.
LaTeX Font Info:    Encoding `OMX' has changed to `FMX' for symbol font
(Font)              `largesymbols' in the math version `bold' on input line 127
.
LaTeX Font Info:    Overwriting symbol font `largesymbols' in version `bold'
(Font)                  OMX/cmex/m/n --> FMX/futm/m/n on input line 127.
LaTeX Font Info:    Redeclaring math alphabet \mathbf on input line 128.
LaTeX Font Info:    Overwriting math alphabet `\mathbf' in version `normal'
(Font)                  OT1/cmr/bx/n --> T1/futs/bx/n on input line 128.
LaTeX Font Info:    Overwriting math alphabet `\mathbf' in version `bold'
(Font)                  OT1/cmr/bx/n --> T1/futs/bx/n on input line 128.
LaTeX Font Info:    Redeclaring math alphabet \mathrm on input line 129.
LaTeX Font Info:    Redeclaring math alphabet \mathit on input line 130.
LaTeX Font Info:    Overwriting math alphabet `\mathit' in version `normal'
(Font)                  OT1/cmr/m/it --> T1/futs/m/it on input line 130.
LaTeX Font Info:    Overwriting math alphabet `\mathit' in version `bold'
(Font)                  OT1/cmr/bx/it --> T1/futs/m/it on input line 130.
LaTeX Font Info:    Redeclaring math alphabet \mathcal on input line 131.
LaTeX Font Info:    Redeclaring math symbol \varkappa on input line 132.
LaTeX Font Info:    Redeclaring math symbol \leqslant on input line 138.
LaTeX Font Info:    Redeclaring math symbol \geqslant on input line 139.
LaTeX Font Info:    Redeclaring math symbol \vDash on input line 142.
LaTeX Font Info:    Redeclaring math symbol \blacktriangleleft on input line 14
3.
LaTeX Font Info:    Redeclaring math symbol \blacktriangleright on input line 1
44.
LaTeX Font Info:    Redeclaring math symbol \nleqslant on input line 145.
LaTeX Font Info:    Redeclaring math symbol \ngeqslant on input line 146.
LaTeX Font Info:    Redeclaring math symbol \parallel on input line 147.
LaTeX Font Info:    Redeclaring math symbol \nparallel on input line 148.
LaTeX Font Info:    Redeclaring math symbol \nvDash on input line 150.
LaTeX Font Info:    Redeclaring math symbol \intercal on input line 151.
LaTeX Font Info:    Redeclaring math symbol \hslash on input line 152.
LaTeX Font Info:    Redeclaring math symbol \nexists on input line 153.
LaTeX Font Info:    Redeclaring math symbol \complement on input line 154.
LaTeX Font Info:    Redeclaring math symbol \varsubsetneq on input line 155.
LaTeX Font Info:    Redeclaring math symbol \hbar on input line 161.
LaTeX Font Info:    Redeclaring math symbol \smallsetminus on input line 162.
LaTeX Font Info:    Redeclaring math symbol \subsetneqq on input line 163.
LaTeX Font Info:    Redeclaring math symbol \rightrightarrows on input line 164
.
LaTeX Font Info:    Redeclaring math symbol \leftleftarrows on input line 165.
LaTeX Font Info:    Redeclaring math symbol \square on input line 166.
LaTeX Font Info:    Redeclaring math symbol \curvearrowleft on input line 167.
LaTeX Font Info:    Redeclaring math symbol \curvearrowright on input line 168.

LaTeX Font Info:    Redeclaring math symbol \blacksquare on input line 169.
LaTeX Font Info:    Redeclaring math symbol \varkappa on input line 199.
LaTeX Font Info:    Redeclaring math symbol \varvarrho on input line 200.
LaTeX Font Info:    Redeclaring math delimiter \Vert on input line 223.
LaTeX Font Info:    Redeclaring math delimiter \vert on input line 228.
LaTeX Font Info:    Redeclaring math delimiter \lvert on input line 230.
LaTeX Font Info:    Redeclaring math delimiter \rvert on input line 232.
LaTeX Font Info:    Redeclaring math delimiter \lVert on input line 234.
LaTeX Font Info:    Redeclaring math delimiter \rVert on input line 236.
LaTeX Font Info:    Redeclaring math delimiter \Downarrow on input line 238.
LaTeX Font Info:    Redeclaring math delimiter \backslash on input line 240.
LaTeX Font Info:    Redeclaring math delimiter \rangle on input line 242.
LaTeX Font Info:    Redeclaring math delimiter \langle on input line 244.
LaTeX Font Info:    Redeclaring math delimiter \rbrace on input line 246.
LaTeX Font Info:    Redeclaring math delimiter \lbrace on input line 248.
LaTeX Font Info:    Redeclaring math delimiter \rceil on input line 250.
LaTeX Font Info:    Redeclaring math delimiter \lceil on input line 252.
LaTeX Font Info:    Redeclaring math delimiter \rfloor on input line 254.
LaTeX Font Info:    Redeclaring math delimiter \lfloor on input line 256.
LaTeX Font Info:    Redeclaring math accent \acute on input line 260.
LaTeX Font Info:    Redeclaring math accent \grave on input line 261.
LaTeX Font Info:    Redeclaring math accent \ddot on input line 262.
LaTeX Font Info:    Redeclaring math accent \tilde on input line 263.
LaTeX Font Info:    Redeclaring math accent \bar on input line 264.
LaTeX Font Info:    Redeclaring math accent \breve on input line 265.
LaTeX Font Info:    Redeclaring math accent \check on input line 266.
LaTeX Font Info:    Redeclaring math accent \hat on input line 267.
LaTeX Font Info:    Redeclaring math accent \dot on input line 268.
LaTeX Font Info:    Redeclaring math accent \mathring on input line 269.
\symUfutm=\mathgroup7
)
LaTeX Font Info:    Redeclaring symbol font `letters' on input line 16.
LaTeX Font Info:    Overwriting symbol font `letters' in version `normal'
(Font)                  FML/futmi/m/it --> FML/fncmi/m/it on input line 16.
LaTeX Font Info:    Overwriting symbol font `letters' in version `bold'
(Font)                  FML/futmi/b/it --> FML/fncmi/m/it on input line 16.
LaTeX Font Info:    Redeclaring symbol font `otherletters' on input line 17.
LaTeX Font Info:    Overwriting symbol font `otherletters' in version `normal'
(Font)                  FML/futm/m/it --> FML/fncm/m/it on input line 17.
LaTeX Font Info:    Overwriting symbol font `otherletters' in version `bold'
(Font)                  FML/futm/b/it --> FML/fncm/m/it on input line 17.
LaTeX Font Info:    Overwriting symbol font `letters' in version `bold'
(Font)                  FML/fncmi/m/it --> FML/fncmi/b/it on input line 18.
LaTeX Font Info:    Overwriting symbol font `otherletters' in version `bold'
(Font)                  FML/fncm/m/it --> FML/fncm/b/it on input line 19.
LaTeX Font Info:    Redeclaring symbol font `operators' on input line 32.
LaTeX Font Info:    Overwriting symbol font `operators' in version `normal'
(Font)                  T1/futs/m/n --> T1/fnc/m/n on input line 32.
LaTeX Font Info:    Overwriting symbol font `operators' in version `bold'
(Font)                  T1/futs/b/n --> T1/fnc/m/n on input line 32.
LaTeX Font Info:    Overwriting symbol font `operators' in version `bold'
(Font)                  T1/fnc/m/n --> T1/fnc/b/n on input line 33.
LaTeX Font Info:    Redeclaring symbol font `symbols' on input line 34.
LaTeX Font Info:    Overwriting symbol font `symbols' in version `normal'
(Font)                  FMS/futm/m/n --> FMS/fncm/m/n on input line 34.
LaTeX Font Info:    Overwriting symbol font `symbols' in version `bold'
(Font)                  FMS/futm/m/n --> FMS/fncm/m/n on input line 34.
LaTeX Font Info:    Redeclaring math alphabet \mathbf on input line 35.
LaTeX Font Info:    Overwriting math alphabet `\mathbf' in version `normal'
(Font)                  T1/futs/bx/n --> T1/fnc/b/n on input line 35.
LaTeX Font Info:    Overwriting math alphabet `\mathbf' in version `bold'
(Font)                  T1/futs/bx/n --> T1/fnc/b/n on input line 35.
LaTeX Font Info:    Redeclaring math alphabet \mathrm on input line 36.
LaTeX Font Info:    Overwriting math alphabet `\mathrm' in version `normal'
(Font)                  T1/futs/m/n --> T1/fnc/m/n on input line 36.
LaTeX Font Info:    Overwriting math alphabet `\mathrm' in version `bold'
(Font)                  T1/futs/m/n --> T1/fnc/m/n on input line 36.
LaTeX Font Info:    Redeclaring math alphabet \mathit on input line 37.
LaTeX Font Info:    Overwriting math alphabet `\mathit' in version `normal'
(Font)                  T1/futs/m/it --> T1/fnc/m/it on input line 37.
LaTeX Font Info:    Overwriting math alphabet `\mathit' in version `bold'
(Font)                  T1/futs/m/it --> T1/fnc/m/it on input line 37.
LaTeX Font Info:    Redeclaring math alphabet \mathcal on input line 38.
LaTeX Font Info:    Overwriting math alphabet `\mathcal' in version `normal'
(Font)                  FMS/futm/m/n --> FMS/fncm/m/n on input line 38.
LaTeX Font Info:    Overwriting math alphabet `\mathcal' in version `bold'
(Font)                  FMS/futm/m/n --> FMS/fncm/m/n on input line 38.
)
(C:\Users\Charles Cao\AppData\Local\Programs\MiKTeX\tex/latex/pst-3d\pst-3d.sty
Package: pst-3d 2009/07/28 package wrapper for pst-3d.tex (hv)

(C:\Users\Charles Cao\AppData\Local\Programs\MiKTeX\tex/generic/pst-3d\pst-3d.t
ex `PST-3d' v1.11, 2010/02/14 (tvz))
File: pst-3d.tex 2010/02/14 v1.11 `PST-3d' (hv)
)
(C:\Users\Charles Cao\AppData\Local\Programs\MiKTeX\tex/latex/pst-grad\pst-grad
.sty
Package: pst-grad 2004/07/15 package wrapper for pst-grad.tex (hv)

(C:\Users\Charles Cao\AppData\Local\Programs\MiKTeX\tex/generic/pst-grad\pst-gr
ad.tex `pst-grad' v1.06, 2006/11/27 (tvz,dg,hv))
File: pst-grad.tex 2006/11/27 1.06 `pst-grad' (tvz)
)
(C:\Users\Charles Cao\AppData\Local\Programs\MiKTeX\tex/latex/pstricks-add\pstr
icks-add.sty
(C:\Users\Charles Cao\AppData\Local\Programs\MiKTeX\tex/latex/pst-plot\pst-plot
.sty
Package: pst-plot 2011/06/05 v1.00 LaTeX wrapper for `pst-plot' (HV)

(C:\Users\Charles Cao\AppData\Local\Programs\MiKTeX\tex/latex/xkeyval\pst-xkey.
sty
Package: pst-xkey 2005/11/25 v1.6 package wrapper for pst-xkey.tex (HA)
)
(C:\Users\Charles Cao\AppData\Local\Programs\MiKTeX\tex/latex/multido\multido.s
ty
Package: multido 2004/05/17 package wrapper for PSTricks `multido.tex', (HV/RN)


(C:\Users\Charles Cao\AppData\Local\Programs\MiKTeX\tex/generic/multido\multido
.tex  v1.42, 2010/05/14 <tvz>
\multido@count=\count370
\multidocount=\count371
\multido@stuff=\toks61
)
File: multido.tex 2010/05/14 v1.42 `multido' (tvz,hv)
)
Package: pst-plot 2011/04/13 package wrapper for pst-plot.tex (hv)

(C:\Users\Charles Cao\AppData\Local\Programs\MiKTeX\tex/generic/pst-plot\pst-pl
ot.tex
(C:\Users\Charles Cao\AppData\Local\Programs\MiKTeX\tex/generic/pst-tools\pst-t
ools.tex `PST-tools' v0.10, 2020/03/24 (hv)
\randomi=\count372
\ranval=\count373
)
(C:\Users\Charles Cao\AppData\Local\Programs\MiKTeX\tex/generic/pstricks-add\ps
tricks-add.tex
(C:\Users\Charles Cao\AppData\Local\Programs\MiKTeX\tex/generic/pst-node\pst-no
de.tex  v1.42a, 2020/04/01
\psrow=\count374
\pscol=\count375
\psmatrixcnt=\count376
\psrowsep=\skip75
\pscolsep=\skip76
\pst@args=\count377
\num@pts=\count378
\pst@argcnt=\count379
)
(C:\Users\Charles Cao\AppData\Local\Programs\MiKTeX\tex/generic/pst-arrow\pst-a
rrow.tex `pst-arrow' v0.01, 2016/09/01 (dr,hv)
\pshooklength=\dimen337
\pshookwidth=\dimen338
)
(C:\Users\Charles Cao\AppData\Local\Programs\MiKTeX\tex/generic/pst-math\pst-ma
th.tex `pst-math' v0.64 , (CJ,hv)) `pstricks-add' v3.89a, 2020/02/12 (dr,hv)
\psparallelogramsep=\dimen339
\pst@cntC=\count380
\pst@stepcount=\count381
\chart@ColorIndex=\dimen340
\chart@ColorStep=\dimen341
\pst@chartHeight=\dimen342
\pst@chartStackDepth=\dimen343
\pst@chartStackWidth=\dimen344
\chart@Toggle=\count382
\psVectorCtr=\count383
)
 v1.92, 2019/05/16 (tvz,hv)
\pstRadUnit=\dimen345
\pstRadUnitInv=\dimen346
\pst@linecnt=\count384
\RCD@file=\read5
\psxlabelsep=\dimen347
\psylabelsep=\dimen348
\psk@subticksize=\dimen349
\pst@xticksizeA=\dimen350
\pst@xticksizeB=\dimen351
\pst@xticksizeC=\dimen352
\pst@yticksizeA=\dimen353
\pst@yticksizeB=\dimen354
\pst@yticksizeC=\dimen355
\@digitcounter=\count385
\psk@llx=\dimen356
\psk@lly=\dimen357
\psk@urx=\dimen358
\psk@ury=\dimen359
\pst@xunit=\dimen360
\pst@yunit=\dimen361
)
File: pst-plot.tex 2019/05/16 1.92 `pst-plot' (tvz,hv)
)
(C:\Users\Charles Cao\AppData\Local\Programs\MiKTeX\tex/latex/pst-node\pst-node
.sty
Package: pst-node 2012/09/18 v1.01 LaTeX wrapper for `pst-node' (HV)
Package: pst-node 2010/04/22 package wrapper for pst-node.tex

(C:\Users\Charles Cao\AppData\Local\Programs\MiKTeX\tex/generic/pst-node\pst-no
de.tex)
File: pst-node.tex 2019/05/16 1.92 `pst-node' (tvz,hv)
)
(C:\Users\Charles Cao\AppData\Local\Programs\MiKTeX\tex/latex/pst-math\pst-math
.sty
Package: pst-math 2018/12/16 v 0.65 package wrapper for PSTricks pst-math.tex

(C:\Users\Charles Cao\AppData\Local\Programs\MiKTeX\tex/latex/pst-calculate\pst
-calculate.sty
Package: pst-calculate 2019/01/24 v. 0.02(Herbert Voss) Support for caculations
 with floating point numbers.

(C:\Users\Charles Cao\AppData\Local\Programs\MiKTeX\tex/latex/siunitx\siunitx.s
ty
Package: siunitx 2021-06-29 v3.0.17 A comprehensive (SI) units package
\l__siunitx_angle_tmp_dim=\dimen362
\l__siunitx_angle_marker_box=\box94
\l__siunitx_angle_unit_box=\box95
\l__siunitx_compound_count_int=\count386

(C:\Users\Charles Cao\AppData\Local\Programs\MiKTeX\tex/latex/translations\tran
slations.sty
Package: translations 2021/01/17 v1.10a internationalization of LaTeX2e package
s (CN)
)
\l__siunitx_number_exponent_fixed_int=\count387
\l__siunitx_number_min_decimal_int=\count388
\l__siunitx_number_min_integer_int=\count389
\l__siunitx_number_round_precision_int=\count390
\l__siunitx_number_group_minimum_int=\count391
\l__siunitx_table_tmp_box=\box96
\l__siunitx_table_tmp_dim=\dimen363
\l__siunitx_table_column_width_dim=\dimen364
\l__siunitx_table_integer_box=\box97
\l__siunitx_table_decimal_box=\box98
\l__siunitx_table_before_box=\box99
\l__siunitx_table_after_box=\box100
\l__siunitx_table_before_dim=\dimen365
\l__siunitx_table_carry_dim=\dimen366
\l__siunitx_unit_tmp_int=\count392
\l__siunitx_unit_position_int=\count393
\l__siunitx_unit_total_int=\count394

(C:\Users\Charles Cao\AppData\Local\Programs\MiKTeX\tex/latex/l3packages/l3keys
2e\l3keys2e.sty
Package: l3keys2e 2021-06-18 LaTeX2e option processing using LaTeX3 keys
)
(C:\Users\Charles Cao\AppData\Local\Programs\MiKTeX\tex/latex/tools\array.sty
Package: array 2021/04/20 v2.5e Tabular extension package (FMi)
\col@sep=\dimen367
\ar@mcellbox=\box101
\extrarowheight=\dimen368
\NC@list=\toks62
\extratabsurround=\skip77
\backup@length=\skip78
\ar@cellbox=\box102
)))
(C:\Users\Charles Cao\AppData\Local\Programs\MiKTeX\tex/generic/iftex\ifluatex.
sty
Package: ifluatex 2019/10/25 v1.5 ifluatex legacy package. Use iftex instead.
)
(C:\Users\Charles Cao\AppData\Local\Programs\MiKTeX\tex/generic/pst-math\pst-ma
th.tex)
File: pst-math.tex 2019/05/16 v1.92 `PST-math' (hv)
\c@Rand@No=\count395
\c@Random@Left=\count396
\c@Random@Right=\count397
\c@Random@No@max=\count398
)
Package: pstricks-add 2018/02/04 v. 0.16 package wrapper for pstricks-add.tex (
hv)

(C:\Users\Charles Cao\AppData\Local\Programs\MiKTeX\tex/generic/pstricks-add\ps
tricks-add.tex)
File: pstricks-add.tex 2019/05/16 v1.92 `PSTricks-add' (hv)
)
(C:\Users\Charles Cao\AppData\Local\Programs\MiKTeX\tex/latex/pst-text\pst-text
.sty
Package: pst-text 2018/12/28 package wrapper for pst-text.tex (hv)

(C:\Users\Charles Cao\AppData\Local\Programs\MiKTeX\tex/generic/pst-text\pst-te
xt.tex  v1.01, 2018/12/22(tvz,hv))
File: pst-text.tex 2018/12/22 1.01 `pst-text' (tvz)
)
(C:\Users\Charles Cao\AppData\Local\Programs\MiKTeX\tex/latex/pst-tree\pst-tree
.sty
Package: pst-tree 2009/01/25 package wrapper for pst-tree.tex

(C:\Users\Charles Cao\AppData\Local\Programs\MiKTeX\tex/generic/pst-tree\pst-tr
ee.tex  v1.13, 2017/02/18(tvz,dg,hv)
\pstree@rootbox=\box103
\pstree@box=\box104
\psnodecnt=\count399
\pstreelevel=\count400
\pstreecnt=\count401
\pstree@cnt=\count402
\pstree@stop=\count403
)
File: pst-tree.tex 2017/02/18 1.13 `pst-tree' (tvz,hv)
)
(C:\Users\Charles Cao\AppData\Local\Programs\MiKTeX\tex/latex/moreverb\moreverb
.sty
Package: moreverb 2008/06/03 v2.3a `more' verbatim facilities
\tab@position=\count404
\tab@size=\count405
\listing@line=\count406
)
(C:\Users\Charles Cao\AppData\Local\Programs\MiKTeX\tex/latex/graphics\epsfig.s
ty
Package: epsfig 2017/06/25 v1.7b (e)psfig emulation (SPQR)
\epsfxsize=\dimen369
\epsfysize=\dimen370
)
(C:\Users\Charles Cao\AppData\Local\Programs\MiKTeX\tex/latex/subfigure\subfigu
re.sty
Package: subfigure 2002/07/30 v2.1.4 subfigure package
\subfigtopskip=\skip79
\subfigcapskip=\skip80
\subfigcaptopadj=\dimen371
\subfigbottomskip=\skip81
\subfigcapmargin=\dimen372
\subfiglabelskip=\skip82
\c@subfigure=\count407
\c@lofdepth=\count408
\c@subtable=\count409
\c@lotdepth=\count410

****************************************
* Local config file subfigure.cfg used *
****************************************

(C:\Users\Charles Cao\AppData\Local\Programs\MiKTeX\tex/latex/subfigure\subfigu
re.cfg)
\subfig@top=\skip83
\subfig@bottom=\skip84
)
(C:\Users\Charles Cao\AppData\Local\Programs\MiKTeX\tex/latex/booktabs\booktabs
.sty
Package: booktabs 2020/01/12 v1.61803398 Publication quality tables
\heavyrulewidth=\dimen373
\lightrulewidth=\dimen374
\cmidrulewidth=\dimen375
\belowrulesep=\dimen376
\belowbottomsep=\dimen377
\aboverulesep=\dimen378
\abovetopsep=\dimen379
\cmidrulesep=\dimen380
\cmidrulekern=\dimen381
\defaultaddspace=\dimen382
\@cmidla=\count411
\@cmidlb=\count412
\@aboverulesep=\dimen383
\@belowrulesep=\dimen384
\@thisruleclass=\count413
\@lastruleclass=\count414
\@thisrulewidth=\dimen385
)
(C:\Users\Charles Cao\AppData\Local\Programs\MiKTeX\tex/latex/etex-pkg\etex.sty
Package: etex 2016/08/01 v2.7 eTeX basic definition package (PEB,DPC)

Package etex Warning: Extended allocation already in use.
(etex)                etex.sty code will not be used.
(etex)                To force etex package to load, add
(etex)                \RequirePackage{etex}
(etex)                at the start of the document.

) (C:\Users\Charles Cao\AppData\Local\Programs\MiKTeX\tex/latex/breqn\breqn.sty
Package: breqn 2020/09/24 v0.98k Breaking equations

(C:\Users\Charles Cao\AppData\Local\Programs\MiKTeX\tex/latex/breqn\flexisym.st
y
Package: flexisym 2020/09/24 v0.98k Make math characters macros
LaTeX Info: Redefining \textprime on input line 299.
LaTeX Info: Redefining \not on input line 357.

(C:\Users\Charles Cao\AppData\Local\Programs\MiKTeX\tex/latex/breqn\cmbase.sym
File: cmbase.sym 2007/12/19 v0.92
LaTeX Info: Redefining \hbar on input line 324.
LaTeX Info: Redefining \surd on input line 326.
LaTeX Info: Redefining \angle on input line 334.
LaTeX Info: Redefining \neq on input line 335.
LaTeX Info: Redefining \mapsto on input line 336.
LaTeX Info: Redefining \cong on input line 337.
LaTeX Info: Redefining \notin on input line 340.
LaTeX Info: Redefining \rightleftharpoons on input line 341.
LaTeX Info: Redefining \doteq on input line 342.
LaTeX Info: Redefining \hookrightarrow on input line 343.
LaTeX Info: Redefining \hookleftarrow on input line 344.
LaTeX Info: Redefining \bowtie on input line 345.
LaTeX Info: Redefining \models on input line 346.
LaTeX Info: Redefining \Longrightarrow on input line 347.
LaTeX Info: Redefining \longrightarrow on input line 348.
LaTeX Info: Redefining \Longleftarrow on input line 349.
LaTeX Info: Redefining \longleftarrow on input line 350.
LaTeX Info: Redefining \longmapsto on input line 351.
LaTeX Info: Redefining \longleftrightarrow on input line 352.
LaTeX Info: Redefining \Longleftrightarrow on input line 353.
LaTeX Info: Redefining \cdots on input line 357.
LaTeX Info: Redefining \vdots on input line 360.
LaTeX Info: Redefining \ddots on input line 365.
)
(C:\Users\Charles Cao\AppData\Local\Programs\MiKTeX\tex/latex/breqn\mathstyle.s
ty
Package: mathstyle 2020/09/24 v0.98k Tracking mathstyle implicitly
LaTeX Info: Redefining \displaystyle on input line 95.
LaTeX Info: Redefining \textstyle on input line 97.
LaTeX Info: Redefining \scriptstyle on input line 99.
LaTeX Info: Redefining \scriptscriptstyle on input line 101.
LaTeX Info: Redefining \genfrac on input line 149.
))
\inf@bad=\count415
\maxint=\count416
\listwidth=\dimen386
\eqnumsep=\dimen387
\eqmargin=\dimen388
\eqlinespacing=\skip85
\eqlineskip=\skip86
\eqlineskiplimit=\dimen389
\eqbinoffset=\muskip18
\eqdelimoffset=\muskip19
\eqindentstep=\dimen390
\eqstyle=\toks63
\eqbreakdepth=\count417
\eqinterlinepenalty=\count418
\intereqpenalty=\count419
\intereqskip=\skip87
\prerelpenalty=\count420
\prebinoppenalty=\count421
\Dmedmuskip=\muskip20
\Dthickmuskip=\muskip21
\eqleftskip=\skip88
\eqrightskip=\skip89
\eq@vspan=\skip90
\eq@binoffset=\muskip22
\EQ@box=\box105
\EQ@copy=\box106
\EQ@numbox=\box107
\eq@wdNum=\dimen391
\GRP@numbox=\box108
\grp@wdNum=\dimen392
\eq@lines=\count422
\eq@curline=\count423
\eq@badness=\count424
\EQ@vims=\count425
\eq@dp=\dimen393
\eq@wdL=\dimen394
\eq@wdT=\dimen395
\eq@wdMin=\dimen396
\grp@wdL=\dimen397
\grp@wdR=\dimen398
\grp@wdT=\dimen399
\eq@wdRmax=\dimen400
\eq@firstht=\dimen401
\eq@wdCond=\dimen402
\eq@indentstep=\dimen403
\eq@linewidth=\dimen404
\grp@linewidth=\dimen405
\eq@hshift=\dimen406
\eq@given@sidespace=\dimen407
\eq@final@linecount=\count426
\eq@wdR=\dimen408
\EQ@continue=\toks64
\lr@level=\count427
\GRP@queue=\toks65
\GRP@box=\box109
\GRP@wholebox=\box110
\darraycolsep=\skip91
\cur@row=\count428
\cur@col=\count429
\conditionsep=\skip92
)
(C:\Users\Charles Cao\AppData\Local\Programs\MiKTeX\tex/latex/multirow\multirow
.sty
Package: multirow 2021/03/15 v2.8 Span multiple rows of a table
\multirow@colwidth=\skip93
\multirow@cntb=\count430
\multirow@dima=\skip94
\bigstrutjot=\dimen409
)
(C:\Users\Charles Cao\AppData\Local\Programs\MiKTeX\tex/latex/natbib\natbib.sty
Package: natbib 2010/09/13 8.31b (PWD, AO)
\bibhang=\skip95
\bibsep=\skip96
LaTeX Info: Redefining \cite on input line 694.
\c@NAT@ctr=\count431
)
(C:\Users\Charles Cao\AppData\Local\Programs\MiKTeX\tex/latex/natbib\bibentry.s
ty
Package: bibentry 2007/10/30 1.5 (PWD)
)
(C:\Users\Charles Cao\AppData\Local\Programs\MiKTeX\tex/latex/gitinfo2\gitinfo2
.sty
Package: gitinfo2 2015/11/22 v2.0.7 git revision information

(C:\Users\Charles Cao\AppData\Local\Programs\MiKTeX\tex/latex/eso-pic\eso-pic.s
ty
Package: eso-pic 2020/10/14 v3.0a eso-pic (RN)
\ESO@tempdima=\dimen410
\ESO@tempdimb=\dimen411
)

Package gitinfo2 Warning: I can't find the file '.git/gitHeadInfo.gin'.
(gitinfo2)                All git metadata has been set to '(None)'.

)
(C:\Users\Charles Cao\AppData\Local\Programs\MiKTeX\tex/latex/units\nicefrac.st
y
Package: nicefrac 1998/08/04 v0.9b Nice fractions
\L@UnitsRaiseDisplaystyle=\skip97
\L@UnitsRaiseTextstyle=\skip98
\L@UnitsRaiseScriptstyle=\skip99
)
(C:\Users\Charles Cao\AppData\Local\Programs\MiKTeX\tex/latex/media9\media9.sty
Package: media9 2021/06/11 v1.16 acrobat-9/Xcompatiblemedia
\g_mix_pkgresizeflag_int=\count432

(C:\Users\Charles Cao\AppData\Local\Programs\MiKTeX\tex/latex/media9\pdfbase.st
y
Package: pdfbase 2021/06/11 v0.47 driverindependentaccesstolow-levelPDFfeatures

\g_pbs_page_int=\count433
\g_pbs_obj_int=\count434
)
(C:\Users\Charles Cao\AppData\Local\Programs\MiKTeX\tex/latex/ocgx2\ocgbase.sty
Package: ocgbase 2021/06/11 v0.20 support package for ocgx2.sty
\g_ocgbase_nd_int=\count435
)
\l_mix_poster_box=\box111
\g_mix_wd_dim=\dimen412
\g_mix_ht_dim=\dimen413
\g_mix_dp_dim=\dimen414
\g_mix_rmcnt_int=\count436
\l_mix_viewcnt_int=\count437
\g@mix@page@int=\count438
\g_mix_resizeflag_int=\count439
\l_mix_lineno_int=\count440
\l_mix_pbtn_box=\box112
\g_mix_mbtncnt_int=\count441
\mix@btn@dim=\dimen415
)
(C:\Users\Charles Cao\AppData\Local\Programs\MiKTeX\tex/latex/animate\animate.s
ty
Package: animate 2021/06/11 PDF & SVG animations from files and inline graphics


(C:\Users\Charles Cao\AppData\Local\Programs\MiKTeX\tex/latex/oberdiek\ifdraft.
sty
Package: ifdraft 2016/05/16 v1.4 Detect class options draft and final (HO)
)
(C:\Users\Charles Cao\AppData\Local\Programs\MiKTeX\tex/latex/zref\zref-abspage
.sty
Package: zref-abspage 2020-07-03 v2.32 Module abspage for zref (HO)

(C:\Users\Charles Cao\AppData\Local\Programs\MiKTeX\tex/latex/zref\zref-base.st
y
Package: zref-base 2020-07-03 v2.32 Module base for zref (HO)
Package zref Info: New property list: main on input line 764.
Package zref Info: New property: default on input line 765.
Package zref Info: New property: page on input line 766.
)
\c@abspage=\count442
Package zref Info: New property: abspage on input line 66.
)
\@anim@box=\box113
\@anim@measbox=\box114
\@anim@tmpdima=\dimen416
\@anim@tmpdimb=\dimen417
\@anim@num=\count443
\@anim@curframe=\count444
\@anim@curframe@zb=\count445
\@anim@resizeflags=\count446
\@anim@skipfram=\count447
\@anim@mulframecnt=\count448
\@anim@@tmlnfile=\read6
\@anim@tmpcnt=\count449
\c@@anim@ltxcnt=\count450
\@anim@curlayer=\count451
\@anim@lineno=\count452
\@anim@curfield=\count453
\@anim@@resizeflags=\count454
)
(C:\Users\Charles Cao\AppData\Local\Programs\MiKTeX\tex/latex/auto-pst-pdf\auto
-pst-pdf.sty
Package: auto-pst-pdf 2020/10/08 v0.7 Wrapper for pst-pdf

(C:\Users\Charles Cao\AppData\Local\Programs\MiKTeX\tex/generic/iftex\ifpdf.sty
Package: ifpdf 2019/10/25 v3.4 ifpdf legacy package. Use iftex instead.
)
(C:\Users\Charles Cao\AppData\Local\Programs\MiKTeX\tex/latex/ifplatform\ifplat
form.sty
Package: ifplatform 2017/10/13 v0.4a Testing for the operating system

(C:\Users\Charles Cao\AppData\Local\Programs\MiKTeX\tex/latex/tools\shellesc.st
y
Package: shellesc 2019/11/08 v1.0c unified shell escape interface for LaTeX
Package shellesc Info: Restricted shell escape enabled on input line 77.
)
(C:\Users\Charles Cao\AppData\Local\Programs\MiKTeX\tex/generic/catchfile\catch
file.sty
Package: catchfile 2019/12/09 v1.8 Catch the contents of a file (HO)
)

Package ifplatform Warning: 
    shell escape is disabled, so I can only detect \ifwindows.

)
\c@app@runs=\count455

(C:\Users\Charles Cao\AppData\Local\Programs\MiKTeX\tex/latex/pst-pdf\pst-pdf.s
ty
Package: pst-pdf 2020/10/10 v1.2f PS graphics for pdfLaTeX (RN,HjG)
\c@pspicture=\count456
Package pst-pdf Info: MODE: 9 (inactive mode) on input line 457.
))
(C:\Users\Charles Cao\AppData\Local\Programs\MiKTeX\tex/latex/breakurl\breakurl
.sty
Package: breakurl 2013/04/10 v1.40 Breakable hyperref URLs
\burl@toks=\toks66
)
(C:\Users\Charles Cao\AppData\Local\Programs\MiKTeX\tex/latex/fontawesome\fonta
wesome.sty
Package: fontawesome 2016/05/15 v4.6.3.1 font awesome icons

(C:\Users\Charles Cao\AppData\Local\Programs\MiKTeX\tex/latex/fontawesome\fonta
wesomesymbols-generic.tex)
(C:\Users\Charles Cao\AppData\Local\Programs\MiKTeX\tex/latex/fontawesome\fonta
wesomesymbols-pdftex.tex))
(C:\Users\Charles Cao\AppData\Local\Programs\MiKTeX\tex/latex/tools\multicol.st
y
Package: multicol 2019/12/09 v1.8y multicolumn formatting (FMi)
\c@tracingmulticols=\count457
\mult@box=\box115
\multicol@leftmargin=\dimen418
\c@unbalance=\count458
\c@collectmore=\count459
\doublecol@number=\count460
\multicoltolerance=\count461
\multicolpretolerance=\count462
\full@width=\dimen419
\page@free=\dimen420
\premulticols=\dimen421
\postmulticols=\dimen422
\multicolsep=\skip100
\multicolbaselineskip=\skip101
\partial@page=\box116
\last@line=\box117
\maxbalancingoverflow=\dimen423
\mult@rightbox=\box118
\mult@grightbox=\box119
\mult@gfirstbox=\box120
\mult@firstbox=\box121
\@tempa=\box122
\@tempa=\box123
\@tempa=\box124
\@tempa=\box125
\@tempa=\box126
\@tempa=\box127
\@tempa=\box128
\@tempa=\box129
\@tempa=\box130
\@tempa=\box131
\@tempa=\box132
\@tempa=\box133
\@tempa=\box134
\@tempa=\box135
\@tempa=\box136
\@tempa=\box137
\@tempa=\box138
\@tempa=\box139
\@tempa=\box140
\@tempa=\box141
\@tempa=\box142
\@tempa=\box143
\@tempa=\box144
\@tempa=\box145
\@tempa=\box146
\@tempa=\box147
\@tempa=\box148
\@tempa=\box149
\@tempa=\box150
\@tempa=\box151
\@tempa=\box152
\@tempa=\box153
\@tempa=\box154
\@tempa=\box155
\@tempa=\box156
\@tempa=\box157
\@tempa=\box158
\c@minrows=\count463
\c@columnbadness=\count464
\c@finalcolumnbadness=\count465
\last@try=\dimen424
\multicolovershoot=\dimen425
\multicolundershoot=\dimen426
\mult@nat@firstbox=\box159
\colbreak@box=\box160
\mc@col@check@num=\count466
)
(C:\Users\Charles Cao\AppData\Local\Programs\MiKTeX\tex/latex/base\inputenc.sty
Package: inputenc 2021/02/14 v1.3d Input encoding file
\inpenc@prehook=\toks67
\inpenc@posthook=\toks68
)
(C:\Users\Charles Cao\AppData\Local\Programs\MiKTeX\tex/latex/dtk\dtk-logos.sty
Package: dtk-logos 2020/02/02 v. 1.10 Dante Edition: Logos (hv)

(C:\Users\Charles Cao\AppData\Local\Programs\MiKTeX\tex/latex/fetamont\fetamont
.sty
Package: fetamont class to use the fetamont font
)
(C:\Users\Charles Cao\AppData\Local\Programs\MiKTeX\tex/generic/hologo\hologo.s
ty
Package: hologo 2019/12/05 v1.14 A logo collection with bookmark support (HO)
)
(C:\Users\Charles Cao\AppData\Local\Programs\MiKTeX\tex/latex/dantelogo\dantelo
go.sty
Package: dantelogo 2015/08/12 v0.03
 `dantelogo' v0.03, 2015/08/12 macro for DANTE's logo (hv)
We run (pdf)latex ... 
(C:\Users\Charles Cao\AppData\Local\Programs\MiKTeX\tex/latex/base\fontenc.sty
Package: fontenc 2021/04/29 v2.0v Standard LaTeX package
LaTeX Font Info:    Trying to load font information for T1+fnc on input line 11
2.

(C:\Users\Charles Cao\AppData\Local\Programs\MiKTeX\tex/latex/fouriernc\t1fnc.f
d
File: t1fnc.fd 2005/12/13 scaled font definitions for T1/fnc.
)
LaTeX Font Info:    Font shape `T1/fnc/m/n' will be
(Font)              scaled to size 13.39188pt on input line 112.
))
(C:\Users\Charles Cao\AppData\Local\Programs\MiKTeX\tex/latex/tools\xspace.sty
Package: xspace 2014/10/28 v1.13 Space after command names (DPC,MH)
))
(C:\Users\Charles Cao\AppData\Local\Programs\MiKTeX\tex/latex/adigraph\adigraph
.sty
Package: adigraph 2018/03/27 v1.7.1LaTeX package for creating augmenting direct
ed graphs
 (C:\Users\Charles Cao\AppData\Local\Programs\MiKTeX\tex/latex/fp\fp.sty
Package: fp 1995/04/02

`Fixed Point Package', Version 0.8, April 2, 1995 (C) Michael Mehlich
(C:\Users\Charles Cao\AppData\Local\Programs\MiKTeX\tex/latex/fp\defpattern.sty
Package: defpattern 1994/10/12
\actioncount=\count467
) (C:\Users\Charles Cao\AppData\Local\Programs\MiKTeX\tex/latex/fp\fp-basic.sty
Package: fp-basic 1996/05/13
\FP@xs=\count468
\FP@xia=\count469
\FP@xib=\count470
\FP@xfa=\count471
\FP@xfb=\count472
\FP@rega=\count473
\FP@regb=\count474
\FP@regs=\count475
\FP@times=\count476
)
(C:\Users\Charles Cao\AppData\Local\Programs\MiKTeX\tex/latex/fp\fp-addons.sty
Package: fp-addons 1995/03/15
) (C:\Users\Charles Cao\AppData\Local\Programs\MiKTeX\tex/latex/fp\fp-snap.sty
Package: fp-snap 1995/04/05
)
(C:\Users\Charles Cao\AppData\Local\Programs\MiKTeX\tex/latex/fp\fp-exp.sty
Package: fp-exp 1995/04/03
)
(C:\Users\Charles Cao\AppData\Local\Programs\MiKTeX\tex/latex/fp\fp-trigo.sty
Package: fp-trigo 1995/04/14
)
(C:\Users\Charles Cao\AppData\Local\Programs\MiKTeX\tex/latex/fp\fp-pas.sty
Package: fp-pas 1994/08/29
)
(C:\Users\Charles Cao\AppData\Local\Programs\MiKTeX\tex/latex/fp\fp-random.sty
Package: fp-random 1995/02/23
\FPseed=\count477
) (C:\Users\Charles Cao\AppData\Local\Programs\MiKTeX\tex/latex/fp\fp-eqn.sty
Package: fp-eqn 1995/04/03
)
(C:\Users\Charles Cao\AppData\Local\Programs\MiKTeX\tex/latex/fp\fp-upn.sty
Package: fp-upn 1996/10/21
)
(C:\Users\Charles Cao\AppData\Local\Programs\MiKTeX\tex/latex/fp\fp-eval.sty
Package: fp-eval 1995/04/03
))
\c@AdigraphTotalNodeCounter=\count478
\c@AdigraphCurrentNodeCounter=\count479
\c@AdigraphNumberOfPaths=\count480
\c@AdigraphCurrentPathNumber=\count481
\c@AdigraphAdjacentNodes=\count482
)
(C:\Users\Charles Cao\AppData\Local\Programs\MiKTeX\tex/latex/pgfplots\pgfplots
.sty
(C:\Users\Charles Cao\AppData\Local\Programs\MiKTeX\tex/generic/pgfplots\pgfplo
ts.revision.tex)
Package: pgfplots 2021/05/15 v1.18.1 Data Visualization (1.18.1)

(C:\Users\Charles Cao\AppData\Local\Programs\MiKTeX\tex/generic/pgfplots\pgfplo
ts.code.tex
(C:\Users\Charles Cao\AppData\Local\Programs\MiKTeX\tex/generic/pgfplots\pgfplo
tscore.code.tex
\t@pgfplots@toka=\toks69
\t@pgfplots@tokb=\toks70
\t@pgfplots@tokc=\toks71
\pgfplots@tmpa=\dimen427
\c@pgfplots@coordindex=\count483
\c@pgfplots@scanlineindex=\count484

(C:\Users\Charles Cao\AppData\Local\Programs\MiKTeX\tex/generic/pgfplots/sys\pg
fplotssysgeneric.code.tex))
(C:\Users\Charles Cao\AppData\Local\Programs\MiKTeX\tex/generic/pgfplots/libs\p
gfplotslibrary.code.tex)
(C:\Users\Charles Cao\AppData\Local\Programs\MiKTeX\tex/generic/pgfplots/oldpgf
compatib\pgfplotsoldpgfsupp_loader.code.tex
(C:\Users\Charles Cao\AppData\Local\Programs\MiKTeX\tex/generic/pgf/libraries\p
gflibraryfpu.code.tex))
(C:\Users\Charles Cao\AppData\Local\Programs\MiKTeX\tex/generic/pgfplots/util\p
gfplotsutil.code.tex
(C:\Users\Charles Cao\AppData\Local\Programs\MiKTeX\tex/generic/pgfplots/listst
ructure\pgfplotsliststructure.code.tex)
(C:\Users\Charles Cao\AppData\Local\Programs\MiKTeX\tex/generic/pgfplots/listst
ructure\pgfplotsliststructureext.code.tex)
(C:\Users\Charles Cao\AppData\Local\Programs\MiKTeX\tex/generic/pgfplots/listst
ructure\pgfplotsarray.code.tex
\c@pgfplotsarray@tmp=\count485
)
(C:\Users\Charles Cao\AppData\Local\Programs\MiKTeX\tex/generic/pgfplots/listst
ructure\pgfplotsmatrix.code.tex)
(C:\Users\Charles Cao\AppData\Local\Programs\MiKTeX\tex/generic/pgfplots/numtab
le\pgfplotstableshared.code.tex
\c@pgfplotstable@counta=\count486
\t@pgfplotstable@a=\toks72
)
(C:\Users\Charles Cao\AppData\Local\Programs\MiKTeX\tex/generic/pgfplots/listst
ructure\pgfplotsdeque.code.tex)
(C:\Users\Charles Cao\AppData\Local\Programs\MiKTeX\tex/generic/pgfplots/util\p
gfplotsbinary.code.tex
(C:\Users\Charles Cao\AppData\Local\Programs\MiKTeX\tex/generic/pgfplots/util\p
gfplotsbinary.data.code.tex))
(C:\Users\Charles Cao\AppData\Local\Programs\MiKTeX\tex/generic/pgfplots/util\p
gfplotsutil.verb.code.tex)
(C:\Users\Charles Cao\AppData\Local\Programs\MiKTeX\tex/generic/pgfplots/libs\p
gflibrarypgfplots.surfshading.code.tex
\c@pgfplotslibrarysurf@no=\count487

(C:\Users\Charles Cao\AppData\Local\Programs\MiKTeX\tex/generic/pgfplots/sys\pg
flibrarypgfplots.surfshading.pgfsys-dvips.def)))
(C:\Users\Charles Cao\AppData\Local\Programs\MiKTeX\tex/generic/pgfplots/util\p
gfplotscolormap.code.tex
(C:\Users\Charles Cao\AppData\Local\Programs\MiKTeX\tex/generic/pgfplots/util\p
gfplotscolor.code.tex))
(C:\Users\Charles Cao\AppData\Local\Programs\MiKTeX\tex/generic/pgfplots\pgfplo
tsstackedplots.code.tex)
(C:\Users\Charles Cao\AppData\Local\Programs\MiKTeX\tex/generic/pgfplots\pgfplo
tsplothandlers.code.tex
(C:\Users\Charles Cao\AppData\Local\Programs\MiKTeX\tex/generic/pgfplots\pgfplo
tsmeshplothandler.code.tex
(C:\Users\Charles Cao\AppData\Local\Programs\MiKTeX\tex/generic/pgfplots\pgfplo
tsmeshplotimage.code.tex)))
(C:\Users\Charles Cao\AppData\Local\Programs\MiKTeX\tex/generic/pgfplots\pgfplo
ts.scaling.code.tex)
(C:\Users\Charles Cao\AppData\Local\Programs\MiKTeX\tex/generic/pgfplots\pgfplo
tscoordprocessing.code.tex)
(C:\Users\Charles Cao\AppData\Local\Programs\MiKTeX\tex/generic/pgfplots\pgfplo
ts.errorbars.code.tex)
(C:\Users\Charles Cao\AppData\Local\Programs\MiKTeX\tex/generic/pgfplots\pgfplo
ts.markers.code.tex)
(C:\Users\Charles Cao\AppData\Local\Programs\MiKTeX\tex/generic/pgfplots\pgfplo
tsticks.code.tex)
(C:\Users\Charles Cao\AppData\Local\Programs\MiKTeX\tex/generic/pgfplots\pgfplo
ts.paths.code.tex)
(C:\Users\Charles Cao\AppData\Local\Programs\MiKTeX\tex/generic/pgf/frontendlay
er/tikz/libraries\tikzlibrarydecorations.code.tex
(C:\Users\Charles Cao\AppData\Local\Programs\MiKTeX\tex/generic/pgf/modules\pgf
moduledecorations.code.tex
\pgfdecoratedcompleteddistance=\dimen428
\pgfdecoratedremainingdistance=\dimen429
\pgfdecoratedinputsegmentcompleteddistance=\dimen430
\pgfdecoratedinputsegmentremainingdistance=\dimen431
\pgf@decorate@distancetomove=\dimen432
\pgf@decorate@repeatstate=\count488
\pgfdecorationsegmentamplitude=\dimen433
\pgfdecorationsegmentlength=\dimen434
)
\tikz@lib@dec@box=\box161
)
(C:\Users\Charles Cao\AppData\Local\Programs\MiKTeX\tex/generic/pgf/frontendlay
er/tikz/libraries\tikzlibrarydecorations.pathmorphing.code.tex
(C:\Users\Charles Cao\AppData\Local\Programs\MiKTeX\tex/generic/pgf/libraries/d
ecorations\pgflibrarydecorations.pathmorphing.code.tex))
(C:\Users\Charles Cao\AppData\Local\Programs\MiKTeX\tex/generic/pgf/frontendlay
er/tikz/libraries\tikzlibrarydecorations.pathreplacing.code.tex
(C:\Users\Charles Cao\AppData\Local\Programs\MiKTeX\tex/generic/pgf/libraries/d
ecorations\pgflibrarydecorations.pathreplacing.code.tex))
(C:\Users\Charles Cao\AppData\Local\Programs\MiKTeX\tex/generic/pgfplots/libs\t
ikzlibrarypgfplots.contourlua.code.tex)
\pgfplots@numplots=\count489
\pgfplots@xmin@reg=\dimen435
\pgfplots@xmax@reg=\dimen436
\pgfplots@ymin@reg=\dimen437
\pgfplots@ymax@reg=\dimen438
\pgfplots@zmin@reg=\dimen439
\pgfplots@zmax@reg=\dimen440
)
(C:\Users\Charles Cao\AppData\Local\Programs\MiKTeX\tex/generic/pgf/frontendlay
er/tikz/libraries\tikzlibraryplotmarks.code.tex
File: tikzlibraryplotmarks.code.tex 2021/05/15 v3.1.9a (3.1.9a)

(C:\Users\Charles Cao\AppData\Local\Programs\MiKTeX\tex/generic/pgf/libraries\p
gflibraryplotmarks.code.tex
File: pgflibraryplotmarks.code.tex 2021/05/15 v3.1.9a (3.1.9a)
)))
(C:\Users\Charles Cao\AppData\Local\Programs\MiKTeX\tex/latex/todonotes\todonot
es.sty
Package: todonotes 2021/06/04 v1.1.5 Todonotes source and documentation.
Package: todonotes 2021/06/04

(C:\Users\Charles Cao\AppData\Local\Programs\MiKTeX\tex/generic/pgf/frontendlay
er/tikz/libraries\tikzlibrarypositioning.code.tex
File: tikzlibrarypositioning.code.tex 2021/05/15 v3.1.9a (3.1.9a)
)
\c@@todonotes@numberoftodonotes=\count490
)
(C:\Users\Charles Cao\AppData\Local\Programs\MiKTeX\tex/latex/listings\listings
.sty
\lst@mode=\count491
\lst@gtempboxa=\box162
\lst@token=\toks73
\lst@length=\count492
\lst@currlwidth=\dimen441
\lst@column=\count493
\lst@pos=\count494
\lst@lostspace=\dimen442
\lst@width=\dimen443
\lst@newlines=\count495
\lst@lineno=\count496
\lst@maxwidth=\dimen444

(C:\Users\Charles Cao\AppData\Local\Programs\MiKTeX\tex/latex/listings\lstmisc.
sty
File: lstmisc.sty 2020/03/24 1.8d (Carsten Heinz)
\c@lstnumber=\count497
\lst@skipnumbers=\count498
\lst@framebox=\box163
)
(C:\Users\Charles Cao\AppData\Local\Programs\MiKTeX\tex/latex/listings\listings
.cfg
File: listings.cfg 2020/03/24 1.8d listings configuration
))
Package: listings 2020/03/24 1.8d (Carsten Heinz)
\pixel=\skip102
Package translations Info: No language package found. I am going to use `englis
h' as default language. on input line 172.
 (slides.aux)
\openout1 = `slides.aux'.

LaTeX Font Info:    Checking defaults for OML/cmm/m/it on input line 172.
LaTeX Font Info:    ... okay on input line 172.
LaTeX Font Info:    Checking defaults for OMS/cmsy/m/n on input line 172.
LaTeX Font Info:    ... okay on input line 172.
LaTeX Font Info:    Checking defaults for OT1/cmr/m/n on input line 172.
LaTeX Font Info:    ... okay on input line 172.
LaTeX Font Info:    Checking defaults for T1/cmr/m/n on input line 172.
LaTeX Font Info:    ... okay on input line 172.
LaTeX Font Info:    Checking defaults for TS1/cmr/m/n on input line 172.
LaTeX Font Info:    ... okay on input line 172.
LaTeX Font Info:    Checking defaults for OMX/cmex/m/n on input line 172.
LaTeX Font Info:    ... okay on input line 172.
LaTeX Font Info:    Checking defaults for U/cmr/m/n on input line 172.
LaTeX Font Info:    ... okay on input line 172.
LaTeX Font Info:    Checking defaults for PD1/pdf/m/n on input line 172.
LaTeX Font Info:    ... okay on input line 172.
LaTeX Font Info:    Checking defaults for PU/pdf/m/n on input line 172.
LaTeX Font Info:    ... okay on input line 172.
LaTeX Font Info:    Checking defaults for FML/fncmi/m/it on input line 172.
LaTeX Font Info:    Trying to load font information for FML+fncmi on input line
 172.

(C:\Users\Charles Cao\AppData\Local\Programs\MiKTeX\tex/latex/fouriernc\fmlfncm
i.fd
File: fmlfncmi.fd 2005/12/20 Fontinst v1.928 font definitions for FML/fncmi.
)
LaTeX Font Info:    ... okay on input line 172.
LaTeX Font Info:    Checking defaults for FMS/fncm/m/n on input line 172.
LaTeX Font Info:    Trying to load font information for FMS+fncm on input line 
172.

(C:\Users\Charles Cao\AppData\Local\Programs\MiKTeX\tex/latex/fouriernc\fmsfncm
.fd
File: fmsfncm.fd 2005/12/20 Fontinst v1.928 font definitions for FMS/fncm.
)
LaTeX Font Info:    ... okay on input line 172.
LaTeX Font Info:    Checking defaults for FMX/futm/m/n on input line 172.
LaTeX Font Info:    Trying to load font information for FMX+futm on input line 
172.

(C:\Users\Charles Cao\AppData\Local\Programs\MiKTeX\tex/latex/fourier\fmxfutm.f
d
File: fmxfutm.fd futm-extension
)
LaTeX Font Info:    ... okay on input line 172.

*geometry* driver: auto-detecting
*geometry* detected driver: dvips
*geometry* verbose mode - [ preamble ] result:
* driver: dvips
* paper: custom
* layout: <same size as paper>
* layoutoffset:(h,v)=(0.0pt,0.0pt)
* modes: landscape 
* h-part:(L,W,R)=(0.0pt, 1440.0pt, 0.0pt)
* v-part:(T,H,B)=(450.0pt, 450.0pt, 0.0pt)
* \paperwidth=2879.97437pt
* \paperheight=1799.9878pt
* \textwidth=1440.0pt
* \textheight=450.0pt
* \oddsidemargin=-72.26999pt
* \evensidemargin=-72.26999pt
* \topmargin=338.73001pt
* \headheight=14.0pt
* \headsep=25.0pt
* \topskip=14.0pt
* \footskip=30.0pt
* \marginparwidth=24.0pt
* \marginparsep=10.0pt
* \columnsep=10.0pt
* \skip\footins=12.0pt plus 4.0pt minus 2.0pt
* \hoffset=36.13718pt
* \voffset=22.13718pt
* \mag=2000
* \@twocolumnfalse
* \@twosidefalse
* \@mparswitchfalse
* \@reversemarginfalse
* (1in=72.27pt=25.4mm, 1cm=28.453pt)

Package hyperref Info: Link coloring OFF on input line 172.

(C:\Users\Charles Cao\AppData\Local\Programs\MiKTeX\tex/latex/hyperref\nameref.
sty
Package: nameref 2021-04-02 v2.47 Cross-referencing by name of section

(C:\Users\Charles Cao\AppData\Local\Programs\MiKTeX\tex/latex/refcount\refcount
.sty
Package: refcount 2019/12/15 v3.6 Data extraction from label references (HO)
)
(C:\Users\Charles Cao\AppData\Local\Programs\MiKTeX\tex/generic/gettitlestring\
gettitlestring.sty
Package: gettitlestring 2019/12/15 v1.6 Cleanup title references (HO)
)
\c@section@level=\count499
)
LaTeX Info: Redefining \ref on input line 172.
LaTeX Info: Redefining \pageref on input line 172.
LaTeX Info: Redefining \nameref on input line 172.
 (slides.bm) (slides.bm)
\openout3 = `slides.bm'.

 (slides.toc)
\openout4 = `slides.toc'.

Package caption Info: Begin \AtBeginDocument code.
Package caption Info: listings package is loaded.
Package caption Info: rotating package is loaded.
Package caption Info: subfigure package is loaded.
Package caption Info: End \AtBeginDocument code.
LaTeX Font Info:    Redeclaring math accent \widehat on input line 172.
LaTeX Font Info:    Redeclaring math accent \widetilde on input line 172.

(C:\Users\Charles Cao\AppData\Local\Programs\MiKTeX\tex/latex/translations/dict
s\translations-basic-dictionary-english.trsl
File: translations-basic-dictionary-english.trsl (english translation file `tra
nslations-basic-dictionary')
)
Package translations Info: loading dictionary `translations-basic-dictionary' f
or `english'. on input line 172.


Package pgfplots Warning: running in backwards compatibility mode (unsuitable t
ick labels; missing features). Consider writing \pgfplotsset{compat=1.18} into 
your preamble.
 on input line 172.


Package todonotes Warning: The length marginparwidth is less than 2cm and will 
most likely cause issues with the appearance of inserted todonotes. The issue c
an be solved by adding a line like \setlength {\marginparwidth }{2cm} prior to 
loading the todonotes package. on input line 172.

\c@lstlisting=\count500
[1

]
LaTeX Font Info:    Font shape `T1/fnc/m/n' will be
(Font)              scaled to size 7.43994pt on input line 175.
LaTeX Font Info:    Font shape `T1/fnc/m/sc' will be
(Font)              scaled to size 7.43994pt on input line 175.
LaTeX Font Info:    Font shape `T1/fnc/m/n' will be
(Font)              scaled to size 16.07027pt on input line 175.
LaTeX Font Info:    Font shape `T1/fnc/b/n' will be
(Font)              scaled to size 16.07027pt on input line 175.
LaTeX Font Info:    Font shape `T1/fnc/m/n' will be
(Font)              scaled to size 9.29993pt on input line 175.
LaTeX Font Info:    Font shape `FMX/futm/m/n' will be
(Font)              scaled to size 13.24796pt on input line 175.
LaTeX Font Info:    Font shape `FMX/futm/m/n' will be
(Font)              scaled to size 9.19998pt on input line 175.
LaTeX Font Info:    Font shape `FMX/futm/m/n' will be
(Font)              scaled to size 7.35999pt on input line 175.
LaTeX Font Info:    Trying to load font information for U+msa on input line 175
.

(C:\Users\Charles Cao\AppData\Local\Programs\MiKTeX\tex/latex/amsfonts\umsa.fd
File: umsa.fd 2013/01/14 v3.01 AMS symbols A
)
LaTeX Font Info:    Trying to load font information for U+msb on input line 175
.
(C:\Users\Charles Cao\AppData\Local\Programs\MiKTeX\tex/latex/amsfonts\umsb.fd
File: umsb.fd 2013/01/14 v3.01 AMS symbols B
)
LaTeX Font Info:    Trying to load font information for FML+fncm on input line 
175.

(C:\Users\Charles Cao\AppData\Local\Programs\MiKTeX\tex/latex/fouriernc\fmlfncm
.fd
File: fmlfncm.fd 2005/12/20 Fontinst v1.928 font definitions for FML/fncm.
)
LaTeX Font Info:    Font shape `U/futm/m/n' will be
(Font)              scaled to size 13.24796pt on input line 175.
LaTeX Font Info:    Font shape `U/futm/m/n' will be
(Font)              scaled to size 9.19998pt on input line 175.
LaTeX Font Info:    Font shape `U/futm/m/n' will be
(Font)              scaled to size 7.35999pt on input line 175.
Missing character: There is no  in font fourier-mex!
LaTeX Font Info:    Font shape `T1/fnc/m/n' will be
(Font)              scaled to size 11.15991pt on input line 175.
 [2]
LaTeX Font Info:    Font shape `T1/fnc/m/n' will be
(Font)              scaled to size 5.57996pt on input line 185.
LaTeX Font Info:    Font shape `T1/fnc/b/n' will be
(Font)              scaled to size 13.39188pt on input line 185.
 [3]
LaTeX Font Info:    Font shape `T1/fnc/m/n' will be
(Font)              scaled to size 19.28804pt on input line 190.
LaTeX Font Info:    Font shape `T1/fnc/b/n' will be
(Font)              scaled to size 19.28804pt on input line 190.
 [4] [5] [6] [7]

Package caption Warning: The option `hypcap=true' will be ignored for this
(caption)                particular \caption on input line 735.
See the caption package documentation for explanation.


Overfull \hbox (52.14165pt too wide) in paragraph at lines 735--735
 [][] 
 []

[8] [9]
File: missvalue.eps Graphic file (type eps)
 <missvalue.eps>

Package caption Warning: The option `hypcap=true' will be ignored for this
(caption)                particular \caption on input line 917.
See the caption package documentation for explanation.

[10] [11]
File: pie.eps Graphic file (type eps)
 <pie.eps>

Package caption Warning: The option `hypcap=true' will be ignored for this
(caption)                particular \caption on input line 1032.
See the caption package documentation for explanation.

[12]
File: scatter.eps Graphic file (type eps)
 <scatter.eps>

Package caption Warning: The option `hypcap=true' will be ignored for this
(caption)                particular \caption on input line 1072.
See the caption package documentation for explanation.

[13] [14]
File: corr.eps Graphic file (type eps)
 <corr.eps>
Overfull \hbox (162.00165pt too wide) in paragraph at lines 1112--1112
 [] 
 []


Package caption Warning: The option `hypcap=true' will be ignored for this
(caption)                particular \caption on input line 1112.
See the caption package documentation for explanation.

[15]
File: highcorr.eps Graphic file (type eps)
 <highcorr.eps>
Overfull \hbox (107.99835pt too wide) in paragraph at lines 1150--1150
 [] 
 []


Package caption Warning: The option `hypcap=true' will be ignored for this
(caption)                particular \caption on input line 1150.
See the caption package documentation for explanation.

[16] [17] [18]

Package caption Warning: The option `hypcap=true' will be ignored for this
(caption)                particular \caption on input line 1577.
See the caption package documentation for explanation.

[19]

Package caption Warning: The option `hypcap=true' will be ignored for this
(caption)                particular \caption on input line 1639.
See the caption package documentation for explanation.

[20] [21] [22]

Package caption Warning: The option `hypcap=true' will be ignored for this
(caption)                particular \caption on input line 1850.
See the caption package documentation for explanation.

[23] [24]
File: figures//gif//question//q_1.eps Graphic file (type eps)
 <figures//gif//question//q_1.eps> <a0,fr0>
File: figures//gif//question//q_2.eps Graphic file (type eps)

<figures//gif//question//q_2.eps> <a0,fr1>
File: figures//gif//question//q_3.eps Graphic file (type eps)
 <figures//gif//question//q_3.eps>
<a0,fr2>
File: figures//gif//question//q_4.eps Graphic file (type eps)
 <figures//gif//question//q_4.eps> <a0,fr3>
File: figures//gif//question//q_5.eps Graphic file (type eps)

<figures//gif//question//q_5.eps> <a0,fr4>
File: figures//gif//question//q_6.eps Graphic file (type eps)
 <figures//gif//question//q_6.eps>
<a0,fr5>
File: figures//gif//question//q_7.eps Graphic file (type eps)
 <figures//gif//question//q_7.eps> <a0,fr6>
File: figures//gif//question//q_8.eps Graphic file (type eps)

<figures//gif//question//q_8.eps> <a0,fr7>
File: figures//gif//question//q_9.eps Graphic file (type eps)
 <figures//gif//question//q_9.eps>
<a0,fr8>
File: figures//gif//question//q_10.eps Graphic file (type eps)
 <figures//gif//question//q_10.eps> <a0,fr9>
File: figures//gif//question//q_11.eps Graphic file (type eps)

<figures//gif//question//q_11.eps> <a0,fr10>
File: figures//gif//question//q_12.eps Graphic file (type eps)

<figures//gif//question//q_12.eps> <a0,fr11>
File: figures//gif//question//q_13.eps Graphic file (type eps)

<figures//gif//question//q_13.eps> <a0,fr12>
File: figures//gif//question//q_14.eps Graphic file (type eps)

<figures//gif//question//q_14.eps> <a0,fr13>
File: figures//gif//question//q_15.eps Graphic file (type eps)

<figures//gif//question//q_15.eps> <a0,fr14>
File: figures//gif//question//q_16.eps Graphic file (type eps)

<figures//gif//question//q_16.eps> <a0,fr15>
File: figures//gif//question//q_17.eps Graphic file (type eps)

<figures//gif//question//q_17.eps> <a0,fr16>
File: figures//gif//question//q_18.eps Graphic file (type eps)

<figures//gif//question//q_18.eps> <a0,fr17>
File: figures//gif//question//q_19.eps Graphic file (type eps)

<figures//gif//question//q_19.eps> <a0,fr18>
File: figures//gif//question//q_20.eps Graphic file (type eps)

<figures//gif//question//q_20.eps> <a0,fr19>
File: figures//gif//question//q_21.eps Graphic file (type eps)

<figures//gif//question//q_21.eps> <a0,fr20>
File: figures//gif//question//q_22.eps Graphic file (type eps)

<figures//gif//question//q_22.eps> <a0,fr21>
File: figures//gif//question//q_23.eps Graphic file (type eps)

<figures//gif//question//q_23.eps> <a0,fr22>
File: figures//gif//question//q_24.eps Graphic file (type eps)

<figures//gif//question//q_24.eps> <a0,fr23>
File: figures//gif//question//q_25.eps Graphic file (type eps)

<figures//gif//question//q_25.eps> <a0,fr24>
File: figures//gif//question//q_26.eps Graphic file (type eps)

<figures//gif//question//q_26.eps> <a0,fr25>
File: figures//gif//question//q_27.eps Graphic file (type eps)

<figures//gif//question//q_27.eps> <a0,fr26>
File: figures//gif//question//q_28.eps Graphic file (type eps)

<figures//gif//question//q_28.eps> <a0,fr27>
File: figures//gif//question//q_29.eps Graphic file (type eps)

<figures//gif//question//q_29.eps> <a0,fr28>
File: figures//gif//question//q_30.eps Graphic file (type eps)

<figures//gif//question//q_30.eps> <a0,fr29> [25]

Package enumitem Warning: Negative labelwidth. This does not make much
(enumitem)                sense, on input line 1927.

LaTeX Font Info:    Trying to load font information for U+fontawesometwo on inp
ut line 1927.

(C:\Users\Charles Cao\AppData\Local\Programs\MiKTeX\tex/latex/fontawesome\ufont
awesometwo.fd
File: ufontawesometwo.fd 2016/05/22 Font definitions for U/fontawesometwo.
)

LaTeX Font Warning: Font shape `U/fontawesometwo/b/n' undefined
(Font)              using `U/fontawesometwo/m/n' instead on input line 1927.

LaTeX Font Info:    Font shape `T1/fnc/m/sc' will be
(Font)              scaled to size 13.39188pt on input line 1927.
LaTeX Font Info:    Font shape `T1/fnc/m/sc' will be
(Font)              scaled to size 9.29993pt on input line 1927.
[26] (slides.aux)

LaTeX Font Warning: Some font shapes were not available, defaults substituted.

 ) 
Here is how much of TeX's memory you used:
 52054 strings out of 478848
 1144788 string characters out of 2845533
 1786113 words of memory out of 3000000
 68930 multiletter control sequences out of 15000+600000
 437347 words of font info for 68 fonts, out of 8000000 for 9000
 1141 hyphenation exceptions out of 8191
 94i,9n,117p,2374b,994s stack positions out of 5000i,500n,10000p,200000b,80000s

Output written on slides.dvi (26 pages, 519456 bytes).
